
 ==============================
 S N O P T  7.2-5    (May 2007)
 ==============================
 
 SNMEMB EXIT 100 -- finished successfully
 SNMEMB INFO 104 -- memory requirements estimated

 ==============================
 S N O P T  7.2-5    (May 2007)
 ==============================
 
 

 Nonlinear constraints       8     Linear constraints       0
 Nonlinear variables        17     Linear variables         0
 Jacobian  variables        17     Objective variables     17
 Total constraints           8     Total variables         17
 

 
 The user has defined     136   out of     136   constraint gradients.
 The user has defined      17   out of      17   objective  gradients.
 

 Major Minors     Step   nCon Feasible  Optimal  MeritFunction    nS Penalty
     0     10               1  6.5E-01  1.8E+00  3.4250000E+01    10           r
     1      1  4.9E-01      2  3.1E-01  6.9E-01  5.4819225E+01    10 1.1E+01 n rl
     2      1  5.8E-01      3  1.2E-01  1.2E+00  5.3401040E+01    10 1.1E+01 s  l
     3      1  1.0E+00      4 (0.0E+00) 9.6E-02  4.8668166E+01    10 6.8E+00
     4      1  1.0E+00      5 (0.0E+00) 6.4E-02  4.8323184E+01    10 6.8E+00
     5      1  1.0E+00      6 (0.0E+00) 2.3E-02  4.7919002E+01    10 6.8E+00
     6      1  1.0E+00      7 (0.0E+00) 1.6E-02  4.7898344E+01    10 6.8E+00
     7      1  1.0E+00      8 (0.0E+00) 7.7E-03  4.7872780E+01    10 6.8E+00
     8      1  1.0E+00      9 (0.0E+00) 7.0E-03  4.7870500E+01    10 6.8E+00
     9      1  1.0E+00     10 (0.0E+00) 1.7E-03  4.7868478E+01    10 6.8E+00

 Major Minors     Step   nCon Feasible  Optimal  MeritFunction    nS Penalty
    10      1  1.0E+00     11 (0.0E+00) 2.5E-04  4.7868423E+01    10 6.8E+00
    11      1  1.0E+00     12 (0.0E+00) 6.8E-05  4.7868421E+01    10 6.8E+00
    12      1  1.0E+00     13 (0.0E+00) 5.2E-05  4.7868421E+01    10 6.8E+00
    13      1  1.0E+00     14 (0.0E+00) 1.2E-05  4.7868421E+01    10 6.8E+00
    14      1  1.0E+00     15 (0.0E+00) 3.1E-06  4.7868421E+01    10 6.8E+00
    15      1  1.0E+00     16 (0.0E+00)(1.8E-07) 4.7868421E+01    10 6.8E+00
 
 SNOPTC EXIT   0 -- finished successfully
 SNOPTC INFO   1 -- optimality conditions satisfied

 Problem name                 snopt CU
 No. of iterations                  25   Objective value      4.7868421053E+01
 No. of major iterations            15   Linear objective     0.0000000000E+00
 Penalty parameter           6.827E+00   Nonlinear objective  4.7868421053E+01
 No. of calls to funobj             17   No. of calls to funcon             17
 No. of superbasics                 10   No. of basic nonlinears             7
 No. of degenerate steps             0   Percentage                       0.00
 Max x                       6 1.1E+00   Max pi                      5 1.0E+01
 Max Primal infeas           0 0.0E+00   Max Dual infeas            10 2.0E-06
 Nonlinear constraint violn    0.0E+00
 
 

 Solution printed on file  18
 
 Time for MPS input                             0.00 seconds
 Time for solving problem                       0.02 seconds
 Time for solution output                       0.00 seconds
 Time for constraint functions                  0.02 seconds
 Time for objective function                    0.00 seconds
