
 ==============================
 S N O P T  7.2-5    (May 2007)
 ==============================
 
 SNMEMB EXIT 100 -- finished successfully
 SNMEMB INFO 104 -- memory requirements estimated

 ==============================
 S N O P T  7.2-5    (May 2007)
 ==============================
 
 

 Nonlinear constraints     500     Linear constraints       0
 Nonlinear variables       500     Linear variables         0
 Jacobian  variables       500     Objective variables    500
 Total constraints         500     Total variables        500
 

 
 The user has defined  250000   out of  250000   constraint gradients.
 The user has defined     500   out of     500   objective  gradients.
 

        Minor   QPmult   nInf   SumInf   rgNorm    QPobjective    nS
          100                           6.0E-12  7.2341274E+02     5
          200                           1.2E-10  2.5980256E+02    27
          300                           4.0E-11  1.5882553E+02    56
          400                           1.8E-12  1.1136061E+02    91

 Major Minors     Step   nCon Feasible  Optimal  MeritFunction    nS Penalty
     0    418               1  9.6E-03  5.9E-03  1.2949258E+02    99           r  T

        Minor   QPmult   nInf   SumInf   rgNorm    QPobjective    nS
          100  8.2E-01                  6.2E-01  4.4318856E+01   159

 Major Minors     Step   nCon Feasible  Optimal  MeritFunction    nS Penalty
     1    152  1.1E-01      2  9.1E-03  7.8E-03  1.5163615E+02   198 1.1E+03 n rl T

        Minor   QPmult   nInf   SumInf   rgNorm    QPobjective    nS
          100                           8.4E-15 -5.7562664E+02   239
          200  5.4E-01                  2.4E-11 -6.5965523E+02   283

 Major Minors     Step   nCon Feasible  Optimal  MeritFunction    nS Penalty
     2    234  7.2E-02      3  9.0E-03  4.7E-02  1.1172273E+02   297 1.3E+02 s  l T

        Minor   QPmult   nInf   SumInf   rgNorm    QPobjective    nS
          100                           7.8E-14 -1.1313922E+03   331
          200                           3.4E-14 -1.1563883E+03   376

 Major Minors     Step   nCon Feasible  Optimal  MeritFunction    nS Penalty
     3    245  2.3E-01      4  2.6E-03  6.8E-02 -2.0625229E+02   396 9.7E+01    l T

        Minor   QPmult   nInf   SumInf   rgNorm    QPobjective    nS
          100  8.2E-02                  1.3E-13 -1.0118495E+03   477

 Major Minors     Step   nCon Feasible  Optimal  MeritFunction    nS Penalty
     4    116  3.3E-01      5  6.4E-04  6.1E-01 -4.3635655E+02   493 9.7E+01    l
     5      7  3.4E-01      7  2.1E-04  2.7E-01 -6.3581813E+02   493 9.7E+01
     6      5  4.0E-01      9  1.0E-04  4.4E-02 -7.2388043E+02   489 9.7E+01
     7      2  1.0E+00     10 (1.7E-15) 2.4E-02 -7.2473599E+02   488 9.7E+01
     8      2  1.0E+00     11 (1.7E-15) 6.5E-03 -7.2524659E+02   489 9.7E+01
     9      1  1.0E+00     12 (1.7E-15) 5.4E-03 -7.2533187E+02   489 9.7E+01

 Major Minors     Step   nCon Feasible  Optimal  MeritFunction    nS Penalty
    10      1  1.0E+00     13 (1.7E-15) 3.1E-03 -7.2534086E+02   489 9.7E+01
    11      1  1.0E+00     14 (1.7E-15) 3.7E-04 -7.2535825E+02   489 9.7E+01
    12      1  1.0E+00     15 (1.7E-15) 2.3E-04 -7.2535848E+02   489 9.7E+01   R
    13      1  1.0E+00     16 (1.7E-15) 1.5E-05 -7.2535855E+02   489 9.7E+01 s
    14      1  1.0E+00     17 (1.7E-15)(8.3E-08)-7.2535855E+02   489 9.7E+01
 
 SNOPTC EXIT   0 -- finished successfully
 SNOPTC INFO   1 -- optimality conditions satisfied

 Problem name                 SVD_Cons
 No. of iterations                1187   Objective value     -7.2535854748E+02
 No. of major iterations            14   Linear objective     0.0000000000E+00
 Penalty parameter           9.731E+01   Nonlinear objective -7.2535854748E+02
 No. of calls to funobj             18   No. of calls to funcon             18
 No. of superbasics                489   No. of basic nonlinears            11
 No. of degenerate steps             0   Percentage                       0.00
 Max x                     477 1.0E+01   Max pi                    231 2.0E+01
 Max Primal infeas           0 0.0E+00   Max Dual infeas             6 1.8E-06
 Nonlinear constraint violn    1.7E-13
 
 

 Solution printed on file  18
 
 Time for MPS input                             0.00 seconds
 Time for solving problem                      17.83 seconds
 Time for solution output                       0.02 seconds
 Time for constraint functions                 11.01 seconds
 Time for objective function                    0.00 seconds
