
 ==============================
 S N O P T  7.2-5    (May 2007)
 ==============================
 
 SNMEMB EXIT 100 -- finished successfully
 SNMEMB INFO 104 -- memory requirements estimated

 ==============================
 S N O P T  7.2-5    (May 2007)
 ==============================
 
 

 Nonlinear constraints      10     Linear constraints       0
 Nonlinear variables         8     Linear variables         0
 Jacobian  variables         8     Objective variables      8
 Total constraints          10     Total variables          8
 

 
 The user has defined      80   out of      80   constraint gradients.
 The user has defined       8   out of       8   objective  gradients.
 

 Major Minors     Step   nCon Feasible  Optimal  MeritFunction    nS Penalty
     0      6               1  1.7E+00  5.0E-01 -8.1250000E+00     1           r
     1      2  3.2E-01      3  1.1E+00  2.5E-01 -5.2080217E+00     2 3.7E-01 n r
     2      3  2.7E-01      5  8.5E-01  6.8E-01 -4.9884988E+00     4 4.4E-01 s
     3      1  1.0E+00      6 (4.8E-17) 1.0E-01 -4.7848150E+00     4 7.0E-01
     4      1  1.0E+00      7 (4.8E-17) 2.7E-02 -4.7918613E+00     4 7.0E-01
     5      1  1.0E+00      8 (0.0E+00) 4.0E-03 -4.7927587E+00     4 7.0E-01
     6      1  1.0E+00      9 (0.0E+00) 1.1E-03 -4.7927779E+00     4 7.0E-01
     7      1  1.0E+00     10 (4.8E-17) 1.0E-04 -4.7927802E+00     4 7.0E-01
     8      1  1.0E+00     11 (4.8E-17) 1.8E-05 -4.7927802E+00     4 7.0E-01
     9      1  1.0E+00     12 (0.0E+00)(8.0E-07)-4.7927802E+00     4 7.0E-01
 
 SNOPTC EXIT   0 -- finished successfully
 SNOPTC INFO   1 -- optimality conditions satisfied

 Problem name                 snopt CU
 No. of iterations                  18   Objective value     -4.7927802154E+00
 No. of major iterations             9   Linear objective     0.0000000000E+00
 Penalty parameter           7.048E-01   Nonlinear objective -4.7927802154E+00
 No. of calls to funobj             13   No. of calls to funcon             13
 No. of superbasics                  4   No. of basic nonlinears             4
 No. of degenerate steps             2   Percentage                      11.11
 Max x                       2 8.6E-01   Max pi                      9 1.4E+00
 Max Primal infeas           0 0.0E+00   Max Dual infeas             7 1.9E-06
 Nonlinear constraint violn    0.0E+00
 
 

 Solution printed on file  18
 
 Time for MPS input                             0.00 seconds
 Time for solving problem                       0.03 seconds
 Time for solution output                       0.00 seconds
 Time for constraint functions                  0.03 seconds
 Time for objective function                    0.00 seconds
