
 ==============================
 S N O P T  7.2-5    (May 2007)
 ==============================
 
 SNMEMB EXIT 100 -- finished successfully
 SNMEMB INFO 104 -- memory requirements estimated

 ==============================
 S N O P T  7.2-5    (May 2007)
 ==============================
 
 

 Nonlinear constraints       2     Linear constraints       0
 Nonlinear variables        10     Linear variables         0
 Jacobian  variables        10     Objective variables     10
 Total constraints           2     Total variables         10
 

 
 The user has defined      20   out of      20   constraint gradients.
 The user has defined      10   out of      10   objective  gradients.
 

 Major Minors     Step   nCon Feasible  Optimal  MeritFunction    nS Penalty
     0      8               1  1.2E+00  1.1E+00  6.1875000E+01     8           r
     1      1  6.2E-01      2  4.5E-01  9.7E-01  1.3043957E+02     8 1.4E+01 n rl
     2      1  5.7E-01      3  1.5E-01  1.2E+00  9.6468454E+01     8 4.5E+00 s  l
     3      1  1.0E+00      4 (1.9E-16) 1.3E+00  7.9201931E+01     8 4.5E+00
     4      1  1.0E+00      5 (9.9E-17) 3.9E-01  5.9728981E+01     8 4.5E+00
     5      1  1.0E+00      6 (9.6E-17) 5.1E-01  5.3067430E+01     8 4.5E+00
     6      1  1.0E+00      7 (1.6E-16) 4.7E-01  4.4613113E+01     8 4.5E+00
     7      1  1.0E+00      8 (1.5E-16) 2.7E-01  4.3030620E+01     8 4.5E+00
     8      1  1.0E+00      9 (8.8E-17) 3.1E-01  4.1732901E+01     8 4.5E+00
     9      1  1.0E+00     10 (1.2E-16) 3.5E-01  3.9769557E+01     8 4.5E+00

 Major Minors     Step   nCon Feasible  Optimal  MeritFunction    nS Penalty
    10      1  1.0E+00     11 (9.2E-17) 6.8E-01  3.6527960E+01     8 4.5E+00
    11      1  1.0E+00     12 (1.3E-16) 7.4E-01  3.2990549E+01     8 4.5E+00
    12      1  1.0E+00     13 (1.4E-16) 4.5E-01  3.0232670E+01     8 4.5E+00
    13      1  1.0E+00     14 (1.5E-16) 2.6E-01  2.8485140E+01     8 4.5E+00
    14      1  1.0E+00     15 (1.9E-16) 3.0E-01  2.7234392E+01     8 4.5E+00
    15      1  1.0E+00     16 (2.3E-16) 2.7E-01  2.6363384E+01     8 4.5E+00
    16      1  1.0E+00     17 (1.5E-16) 1.2E-01  2.5958802E+01     8 4.5E+00
    17      1  1.0E+00     18 (1.0E-16) 4.7E-02  2.5848428E+01     8 4.5E+00
    18      1  1.0E+00     19 (1.7E-16) 2.3E-02  2.5827193E+01     8 4.5E+00
    19      1  1.0E+00     20 (1.0E-16) 9.6E-03  2.5823707E+01     8 4.5E+00

 Major Minors     Step   nCon Feasible  Optimal  MeritFunction    nS Penalty
    20      1  1.0E+00     21 (1.6E-16) 1.9E-03  2.5823349E+01     8 4.5E+00
    21      1  1.0E+00     22 (8.9E-17) 1.4E-04  2.5823333E+01     8 4.5E+00
    22      1  1.0E+00     23 (8.9E-17) 1.4E-05  2.5823333E+01     8 4.5E+00
    23      1  1.0E+00     24 (1.3E-16)(1.7E-06) 2.5823333E+01     8 4.5E+00
 
 SNOPTC EXIT   0 -- finished successfully
 SNOPTC INFO   1 -- optimality conditions satisfied

 Problem name                 snopt CU
 No. of iterations                  31   Objective value      2.5823333033E+01
 No. of major iterations            23   Linear objective     0.0000000000E+00
 Penalty parameter           4.456E+00   Nonlinear objective  2.5823333033E+01
 No. of calls to funobj             25   No. of calls to funcon             25
 No. of superbasics                  8   No. of basic nonlinears             2
 No. of degenerate steps             0   Percentage                       0.00
 Max x                       1 8.4E+00   Max pi                      2 8.6E+00
 Max Primal infeas           0 0.0E+00   Max Dual infeas             5 1.7E-05
 Nonlinear constraint violn    1.4E-15
 
 

 Solution printed on file  18
 
 Time for MPS input                             0.00 seconds
 Time for solving problem                       0.02 seconds
 Time for solution output                       0.00 seconds
 Time for constraint functions                  0.02 seconds
 Time for objective function                    0.00 seconds
