
 ==============================
 S N O P T  7.2-5    (May 2007)
 ==============================
 
 SNMEMB EXIT 100 -- finished successfully
 SNMEMB INFO 104 -- memory requirements estimated

 ==============================
 S N O P T  7.2-5    (May 2007)
 ==============================
 
 

 Nonlinear constraints       5     Linear constraints       0
 Nonlinear variables         5     Linear variables         0
 Jacobian  variables         5     Objective variables      5
 Total constraints           5     Total variables          5
 

 
 The user has defined      25   out of      25   constraint gradients.
 The user has defined       5   out of       5   objective  gradients.
 

 Major Minors     Step   nCon Feasible  Optimal  MeritFunction    nS Penalty
     0      3               1 (0.0E+00) 3.0E+00  1.2048000E+04     2           r
     1      5  5.2E-03      2 (2.1E-16) 6.1E+00  2.2982285E+03     3         n rl
     2      5  3.7E-03      4 (0.0E+00) 5.2E+01  5.0944321E+02     4         s
     3      1  1.0E+00      5 (9.6E-15) 1.7E+01  3.5123923E+02     4
     4      1  1.0E+00      6 (9.7E-15) 1.8E+01  2.6251337E+02     4
     5      1  1.0E+00      7 (9.5E-15) 2.1E+01  2.5844419E+02     4
     6      1  1.0E+00      8 (9.6E-15) 3.8E+01  2.2752433E+02     4
     7      1  1.0E+00      9 (9.7E-15) 8.4E+01  1.7977962E+02     4
     8      1  1.0E+00     10 (9.8E-15) 1.6E+02  9.6297826E+01     4
     9      1  1.0E+00     11 (9.2E-15) 2.2E+02  2.9544121E+01     4

 Major Minors     Step   nCon Feasible  Optimal  MeritFunction    nS Penalty
    10      1  1.0E+00     12 (8.8E-15) 1.1E+02  5.6937085E+00     4
    11      1  1.0E+00     13 (8.5E-15) 1.0E+01  3.0649141E+00     4
    12      1  1.0E+00     14 (9.1E-15) 1.0E+00  2.9766693E+00     4
    13      1  1.0E+00     15 (8.7E-15) 9.8E-01  2.9756834E+00     4
    14      1  1.0E+00     16 (8.7E-15) 9.8E-01  2.9754283E+00     4
    15      1  1.0E+00     17 (9.1E-15) 1.1E+00  2.9734755E+00     4
    16      1  1.0E+00     18 (9.1E-15) 1.9E+00  2.9696244E+00     4
    17      1  1.0E+00     19 (9.4E-15) 3.3E+00  2.9583129E+00     4
    18      1  1.0E+00     20 (9.3E-15) 5.5E+00  2.9302215E+00     4
    19      2  1.0E+00     21 (9.3E-15) 8.9E+00  2.8572122E+00     4

 Major Minors     Step   nCon Feasible  Optimal  MeritFunction    nS Penalty
    20      2  1.0E+00     22 (9.7E-15) 1.4E+01  2.6788163E+00     4
    21      2  1.0E+00     23 (9.8E-15) 2.0E+01  2.2792208E+00     4
    22      2  1.0E+00     24 (1.0E-14) 2.3E+01  1.5670034E+00     4
    23      2  1.0E+00     25 (9.0E-15) 1.9E+01  7.6673747E-01     3
    24      3  1.0E+00     26 (9.2E-15) 7.6E+00  3.5082090E-01     5
    25      1  1.0E+00     27 (0.0E+00) 7.4E-01  2.7575306E-01     5
    26      1  1.0E+00     28 (0.0E+00) 1.1E-01  2.7321588E-01     5
    27      1  1.0E+00     29 (0.0E+00) 1.1E-01  2.7314967E-01     5
    28      1  1.0E+00     30 (0.0E+00) 1.1E-01  2.7314672E-01     5
    29      1  1.0E+00     31 (0.0E+00) 9.7E-02  2.7312227E-01     5

 Major Minors     Step   nCon Feasible  Optimal  MeritFunction    nS Penalty
    30      1  1.0E+00     32 (0.0E+00) 1.3E-01  2.7307555E-01     5
    31      1  1.0E+00     33 (0.0E+00) 2.1E-01  2.7293579E-01     5
    32      1  1.0E+00     34 (0.0E+00) 3.6E-01  2.7258769E-01     5
    33      1  1.0E+00     35 (0.0E+00) 6.2E-01  2.7166168E-01     5
    34      1  1.0E+00     36 (0.0E+00) 1.0E+00  2.6927324E-01     5
    35      2  1.0E+00     37 (0.0E+00) 1.6E+00  2.6312792E-01     5
    36      1  1.0E+00     38 (0.0E+00) 2.6E+00  2.4787280E-01     5
    37      2  1.0E+00     39 (0.0E+00) 3.8E+00  2.1288734E-01     5
    38      2  1.0E+00     40 (0.0E+00) 4.6E+00  1.4673374E-01     5
    39      2  1.0E+00     41 (0.0E+00) 4.0E+00  6.3569195E-02     4

 Major Minors     Step   nCon Feasible  Optimal  MeritFunction    nS Penalty
    40      2  1.0E+00     42 (0.0E+00) 1.9E+00  1.2427737E-02     4
    41      2  1.0E+00     43 (0.0E+00) 2.3E-01  1.8300557E-04     4
    42      1  1.0E+00     44 (0.0E+00) 1.6E-04  8.0035534E-11     4
    43      1  1.0E+00     45 (0.0E+00) 5.8E-06  3.6379788E-12     4
    44      2  1.0E+00     46 (0.0E+00)(1.7E-08)-3.6379788E-12     4
 
 SNOPTC EXIT   0 -- finished successfully
 SNOPTC INFO   1 -- optimality conditions satisfied

 Problem name                 snopt CU
 No. of iterations                  69   Objective value     -3.6379788071E-12
 No. of major iterations            44   Linear objective     0.0000000000E+00
 Penalty parameter           0.000E+00   Nonlinear objective -3.6379788071E-12
 No. of calls to funobj             47   No. of calls to funcon             47
 No. of superbasics                  4   No. of basic nonlinears             1
 No. of degenerate steps             0   Percentage                       0.00
 Max x                       5 4.0E+00   Max pi                      5 2.5E-13
 Max Primal infeas           0 0.0E+00   Max Dual infeas             2 3.3E-08
 Nonlinear constraint violn    0.0E+00
 
 

 Solution printed on file  18
 
 Time for MPS input                             0.00 seconds
 Time for solving problem                       0.05 seconds
 Time for solution output                       0.00 seconds
 Time for constraint functions                  0.04 seconds
 Time for objective function                    0.00 seconds
