
 ==============================
 S N O P T  7.2-5    (May 2007)
 ==============================
 
 SNMEMB EXIT 100 -- finished successfully
 SNMEMB INFO 104 -- memory requirements estimated

 ==============================
 S N O P T  7.2-5    (May 2007)
 ==============================
 
 

 Nonlinear constraints     100     Linear constraints       0
 Nonlinear variables       100     Linear variables         0
 Jacobian  variables       100     Objective variables    100
 Total constraints         100     Total variables        100
 

 
 The user has defined   10000   out of   10000   constraint gradients.
 The user has defined     100   out of     100   objective  gradients.
 

        Minor   QPmult   nInf   SumInf   rgNorm    QPobjective    nS
          100  5.3E-01                  3.8E-14  7.3786472E+00    70

 Major Minors     Step   nCon Feasible  Optimal  MeritFunction    nS Penalty
     0    126               1  1.4E-01  1.6E-01  4.3149254E+01    96           r
     1      1  1.2E-01      2  1.4E-01  9.5E-02  3.5858852E+01    96         n rl
     2      2  1.2E-01      3  1.5E-01  1.0E-01  2.8908949E+01    97         s  l
     3      2  4.0E-01      5  8.2E-02  3.8E-01  1.6602560E+01    96
     4      1  2.3E-01      7  4.9E-02  1.7E-01  9.4471769E+00    96
     5      1  2.5E-01      9  3.4E-02  4.0E-02  8.6446444E+00    96 6.7E+00
     6      1  1.0E+00     10 (0.0E+00) 5.0E-02  1.0287878E+01    96 7.0E+01
     7      1  1.0E+00     11 (0.0E+00) 2.1E-02  1.0074959E+01    96 7.0E+01
     8      1  1.0E+00     12 (0.0E+00) 5.1E-03  1.0015465E+01    96 7.0E+01
     9      1  1.0E+00     13 (1.6E-17) 2.7E-03  1.0013109E+01    96 7.0E+01

 Major Minors     Step   nCon Feasible  Optimal  MeritFunction    nS Penalty
    10      1  1.0E+00     14 (0.0E+00) 1.1E-04  1.0012175E+01    96 7.0E+01
    11      1  1.0E+00     15 (1.6E-17) 4.2E-05  1.0012173E+01    96 7.0E+01
    12      1  1.0E+00     16 (0.0E+00)(1.3E-06) 1.0012173E+01    96 7.0E+01   R
 
 SNOPTC EXIT   0 -- finished successfully
 SNOPTC INFO   1 -- optimality conditions satisfied

 Problem name                 SVD_Cons
 No. of iterations                 140   Objective value      1.0012172871E+01
 No. of major iterations            12   Linear objective     0.0000000000E+00
 Penalty parameter           6.990E+01   Nonlinear objective  1.0012172871E+01
 No. of calls to funobj             17   No. of calls to funcon             17
 No. of superbasics                 96   No. of basic nonlinears             6
 No. of degenerate steps             0   Percentage                       0.00
 Max x                      98 1.8E+00   Max pi                     71 2.3E+01
 Max Primal infeas           0 0.0E+00   Max Dual infeas             3 3.2E-05
 Nonlinear constraint violn    0.0E+00
 
 

 Solution printed on file  18
 
 Time for MPS input                             0.00 seconds
 Time for solving problem                       0.59 seconds
 Time for solution output                       0.01 seconds
 Time for constraint functions                  0.55 seconds
 Time for objective function                    0.00 seconds
