
 ==============================
 S N O P T  7.2-5    (May 2007)
 ==============================
 
 SNMEMB EXIT 100 -- finished successfully
 SNMEMB INFO 104 -- memory requirements estimated

 ==============================
 S N O P T  7.2-5    (May 2007)
 ==============================
 
 

 Nonlinear constraints      27     Linear constraints       0
 Nonlinear variables       156     Linear variables         0
 Jacobian  variables       156     Objective variables    156
 Total constraints          27     Total variables        156
 

 
 The user has defined    4212   out of    4212   constraint gradients.
 The user has defined     156   out of     156   objective  gradients.
 

 Major Minors     Step   nCon Feasible  Optimal  MeritFunction    nS Penalty
     0     99               1  1.0E+00  4.5E-01  2.4000000E+01    99           r  T
     1     31  1.1E-01      2  4.5E-01  3.7E-01  1.7568125E+01   129         n rl
     2      1  1.0E-01      3  2.7E-01  3.9E-01  1.2105793E+01   129         s  l
     3      1  1.0E+00      4 (7.4E-16) 3.7E-02  1.8527492E-01   129
     4      1  1.0E+00      5 (7.1E-16) 3.0E-02  1.1787901E-01   129
     5      1  1.0E+00      6 (6.8E-16) 5.0E-03  8.5608263E-02   129
     6      1  1.0E+00      7 (6.8E-16) 2.9E-03  8.3644981E-02   129
     7      1  1.0E+00      8 (6.5E-16) 2.8E-04  8.3338598E-02   129
     8      1  1.0E+00      9 (6.8E-16) 9.0E-05  8.3333768E-02   129
     9      1  1.0E+00     10 (6.5E-16) 2.4E-05  8.3333417E-02   129

 Major Minors     Step   nCon Feasible  Optimal  MeritFunction    nS Penalty
    10      1  1.0E+00     11 (6.5E-16) 1.4E-05  8.3333354E-02   129
    11      1  1.0E+00     12 (6.7E-16) 4.5E-06  8.3333335E-02   129
    12      1  1.0E+00     13 (6.5E-16)(1.1E-06) 8.3333333E-02   129           R
 
 SNOPTC EXIT   0 -- finished successfully
 SNOPTC INFO   1 -- optimality conditions satisfied

 Problem name                 snopt CU
 No. of iterations                 141   Objective value      8.3333333443E-02
 No. of major iterations            12   Linear objective     0.0000000000E+00
 Penalty parameter           0.000E+00   Nonlinear objective  8.3333333443E-02
 No. of calls to funobj             14   No. of calls to funcon             14
 No. of superbasics                129   No. of basic nonlinears            27
 No. of degenerate steps             0   Percentage                       0.00
 Max x                      22 1.2E+00   Max pi                     14 1.7E-01
 Max Primal infeas           0 0.0E+00   Max Dual infeas             8 2.2E-06
 Nonlinear constraint violn    5.1E-15
 
 

 Solution printed on file  18
 
 Time for MPS input                             0.00 seconds
 Time for solving problem                       0.26 seconds
 Time for solution output                       0.00 seconds
 Time for constraint functions                  0.21 seconds
 Time for objective function                    0.00 seconds
