
 ==============================
 S N O P T  7.2-5    (May 2007)
 ==============================
 
 SNMEMB EXIT 100 -- finished successfully
 SNMEMB INFO 104 -- memory requirements estimated

 ==============================
 S N O P T  7.2-5    (May 2007)
 ==============================
 
 

 Nonlinear constraints       5     Linear constraints       0
 Nonlinear variables        10     Linear variables         0
 Jacobian  variables        10     Objective variables     10
 Total constraints           5     Total variables         10
 

 
 The user has defined      50   out of      50   constraint gradients.
 The user has defined      10   out of      10   objective  gradients.
 

 Major Minors     Step   nCon Feasible  Optimal  MeritFunction    nS Penalty
     0      5               1  1.2E+00  1.1E+00  6.1875000E+01     5           r
     1      1  6.7E-01      2  3.3E-01  6.9E-01  1.7060707E+02     5 1.2E+01 n rl
     2      1  1.0E+00      3 (2.4E-16) 1.7E-01  1.6885403E+02     5 1.4E+01 s
     3      1  1.0E+00      4 (2.4E-16) 8.2E-02  1.6775208E+02     5 1.4E+01
     4      1  1.0E+00      5 (2.4E-16) 1.0E-01  1.6703004E+02     5 1.4E+01
     5      1  1.0E+00      6 (4.5E-16) 3.6E-02  1.6641669E+02     5 1.4E+01
     6      1  1.0E+00      7 (4.5E-16) 3.2E-02  1.6632859E+02     5 1.4E+01
     7      1  1.0E+00      8 (4.4E-16) 4.3E-02  1.6608456E+02     5 1.4E+01
     8      1  1.0E+00      9 (4.3E-16) 2.7E-02  1.6600712E+02     5 1.4E+01
     9      1  1.0E+00     10 (3.3E-16) 1.8E-02  1.6596419E+02     5 1.4E+01

 Major Minors     Step   nCon Feasible  Optimal  MeritFunction    nS Penalty
    10      1  1.0E+00     11 (3.3E-16) 2.2E-02  1.6593371E+02     5 1.4E+01
    11      1  1.0E+00     12 (3.2E-16) 2.9E-02  1.6589610E+02     5 1.4E+01
    12      1  1.0E+00     13 (3.2E-16) 1.6E-02  1.6587782E+02     5 1.4E+01
    13      1  1.0E+00     14 (4.3E-16) 3.1E-03  1.6587404E+02     5 1.4E+01
    14      1  1.0E+00     15 (2.2E-16) 2.8E-04  1.6587383E+02     5 1.4E+01
    15      1  1.0E+00     16 (4.3E-16) 2.8E-05  1.6587383E+02     5 1.4E+01
    16      1  1.0E+00     17 (3.2E-16)(1.6E-06) 1.6587383E+02     5 1.4E+01
 
 SNOPTC EXIT   0 -- finished successfully
 SNOPTC INFO   1 -- optimality conditions satisfied

 Problem name                 snopt CU
 No. of iterations                  21   Objective value      1.6587382544E+02
 No. of major iterations            16   Linear objective     0.0000000000E+00
 Penalty parameter           1.378E+01   Nonlinear objective  1.6587382544E+02
 No. of calls to funobj             18   No. of calls to funcon             18
 No. of superbasics                  5   No. of basic nonlinears             5
 No. of degenerate steps             0   Percentage                       0.00
 Max x                       7 1.7E+00   Max pi                      4 2.3E+01
 Max Primal infeas           0 0.0E+00   Max Dual infeas            10 3.9E-05
 Nonlinear constraint violn    1.3E-15
 
 

 Solution printed on file  18
 
 Time for MPS input                             0.00 seconds
 Time for solving problem                       0.02 seconds
 Time for solution output                       0.00 seconds
 Time for constraint functions                  0.02 seconds
 Time for objective function                    0.00 seconds
