
 ==============================
 S N O P T  7.2-5    (May 2007)
 ==============================
 
 SNMEMB EXIT 100 -- finished successfully
 SNMEMB INFO 104 -- memory requirements estimated

 ==============================
 S N O P T  7.2-5    (May 2007)
 ==============================
 
 

 Nonlinear constraints    2048     Linear constraints       0
 Nonlinear variables      2048     Linear variables         0
 Jacobian  variables      2048     Objective variables   2048
 Total constraints        2048     Total variables       2048
 

 
 The user has defined 4194304   out of 4194304   constraint gradients.
 The user has defined    2048   out of    2048   objective  gradients.
 

 Major Minors     Step   nCon Feasible  Optimal  MeritFunction    nS Penalty
     0     99               1 (0.0E+00) 1.3E-02  2.6465400E+02    99           r  T

        Minor   QPmult   nInf   SumInf   rgNorm    QPobjective    nS
          100  2.6E-02                           2.6083430E+02   198

 Major Minors     Step   nCon Feasible  Optimal  MeritFunction    nS Penalty
     1    100  4.6E-01      2 (0.0E+00) 1.3E-02  2.6344465E+02   198         n rl T

        Minor   QPmult   nInf   SumInf   rgNorm    QPobjective    nS
          100  2.6E-02                           2.5836766E+02   297

 Major Minors     Step   nCon Feasible  Optimal  MeritFunction    nS Penalty
     2    100  2.3E-01      4 (0.0E+00) 1.3E-02  2.6228319E+02   297         n rl T

        Minor   QPmult   nInf   SumInf   rgNorm    QPobjective    nS
          100                           2.5E+00  2.3994506E+02   197
          200                           2.5E+00  2.3840659E+02    97
          300  2.7E-02                  1.7E-17  2.2689682E+02     1
          400  2.6E-02                  2.1E-19  2.1757545E+02     1
          500  2.6E-02                  7.3E-20  2.0795485E+02     1

 Major Minors     Step   nCon Feasible  Optimal  MeritFunction    nS Penalty
     3    500  4.1E+00      7 (0.0E+00) 1.3E-02  2.3014673E+02     1         sm   t

        Minor   QPmult   nInf   SumInf   rgNorm    QPobjective    nS
          100  2.6E-02                  2.1E-21  1.9213147E+02     1
          200  2.6E-02                  3.1E-22  1.8251131E+02     1
          300  2.6E-02                  9.0E-22  1.7289117E+02     1
          400  2.6E-02                  3.8E-23  1.6327105E+02     1
          500  2.6E-02                  2.0E-21  1.5365095E+02     1

 Major Minors     Step   nCon Feasible  Optimal  MeritFunction    nS Penalty
     4    500  1.0E+00      9 (0.0E+00) 1.3E-02  2.0165925E+02     1          m   t

        Minor   QPmult   nInf   SumInf   rgNorm    QPobjective
          100  2.6E-02                           1.3260490E+02
          200 -1.7E+03                           1.2481300E+02
          300  2.6E-02                           1.1577134E+02
          400  2.6E-02                           1.0701899E+02
          500  2.6E-02                           9.9662415E+01

 Major Minors     Step   nCon Feasible  Optimal  MeritFunction    nS Penalty
     5    514  1.0E+00     11  1.6E-03  1.3E-02  1.3827939E+02     1          m   t

        Minor   QPmult   nInf   SumInf   rgNorm    QPobjective
          100 -1.7E+00                           8.6650855E+01
          200 -2.3E+00                           8.5045706E+01
          300  2.6E-02                           8.0769304E+01
          400 -8.5E+01                           7.3174343E+01
          500  2.6E-02                           6.5107556E+01

 Major Minors     Step   nCon Feasible  Optimal  MeritFunction    nS Penalty
     6    557  1.0E+00     12  2.0E-01  1.4E-02  8.6383877E+01     1              t

        Minor   LPmult   nInf   SumInf   rgNorm    LPobjective
          100 -9.1E+00     49  4.6E+00
          200 -1.1E+00      2  1.5E-01
          300 -3.1E-01                           5.5646547E+01
          400 -1.5E-01                           5.5533241E+01
          500 -1.3E+03                           5.0532135E+01
          600  2.6E-02                  9.5E-18  4.6800884E+01     1
          700 -3.7E+01                           4.3846045E+01

 Major Minors     Step   nCon Feasible  Optimal  MeritFunction    nS Penalty
     7    736  1.0E+00     13  1.1E-01  5.5E-01  5.5186959E+01                    t

        Minor   LPmult   nInf   SumInf   rgNorm    LPobjective
          100 -5.4E+01     97  6.9E+00
          200 -1.4E+01     26  2.1E+00
          300 -9.9E-01                           3.9417162E+01
          400 -6.0E-02                           3.9345258E+01
          500 -2.4E+02                           3.8668912E+01
          600 -1.8E+01                           3.5966807E+01
          700 -2.1E+01                           3.4176342E+01
          800 -2.2E+00                  5.7E-04  3.1560778E+01     1

 Major Minors     Step   nCon Feasible  Optimal  MeritFunction    nS Penalty
     8    832  1.0E+00     14  6.0E-02  8.0E-01  3.9451111E+01     1              t

        Minor   LPmult   nInf   SumInf   rgNorm    LPobjective
          100 -1.3E+02     66  5.7E+00
          200 -1.7E+00      9  5.3E-01
          300 -7.2E-01                  7.0E-01  2.9426981E+01     1
          400 -3.7E-02                  8.8E-03  2.9412957E+01     1
          500                           4.3E-14  2.9404576E+01     1
          600 -8.7E-02                  1.9E-16  2.7715248E+01     1
          700 -3.2E+00                           2.6391190E+01

 Major Minors     Step   nCon Feasible  Optimal  MeritFunction    nS Penalty
     9    787  1.0E+00     15  5.9E-01  5.0E-01  2.9297704E+01     3              t

        Minor   LPmult   nInf   SumInf   rgNorm    LPobjective
          100 -4.5E+00      7  6.1E-01
          200                           1.1E-15  2.5527128E+01     1
          300                           2.2E-15  2.3950764E+01     1
          400 -5.9E+01                           2.2864689E+01
          500 -8.0E+01                           2.1593478E+01
          600                           3.2E-15  2.0520162E+01     1

 Major Minors     Step   nCon Feasible  Optimal  MeritFunction    nS Penalty
    10    688  1.0E+00     16  1.7E-01  1.7E-01  2.5535804E+01     4              t

        Minor   LPmult   nInf   SumInf   rgNorm    LPobjective
          100 -1.7E+02     60  2.4E+01
          200 -1.3E+02     23  1.9E+01
          300 -1.2E+01      7  3.4E-01
          400 -7.4E+01                           1.9485625E+01
          500 -4.0E-02                           1.8809693E+01
          600 -1.6E+00                  6.0E-02  1.8505861E+01     1
          700 -2.9E+00                           1.7584681E+01
          800  2.4E-02                           1.6311632E+01

 Major Minors     Step   nCon Feasible  Optimal  MeritFunction    nS Penalty
    11    871  1.0E+00     17  1.1E-01  9.8E-01  1.8864103E+01     2              t

        Minor   LPmult   nInf   SumInf   rgNorm    LPobjective
          100 -3.7E+02     71  6.9E+00
          200 -4.4E+01     21  1.9E+00
          300 -4.1E+00                           1.5843712E+01
          400 -1.3E-01                  1.4E-14  1.5665996E+01     1
          500                                    1.5405156E+01
          600 -1.9E+01                  1.0E-01  1.5370931E+01     1
          700 -1.0E+01                           1.4032377E+01
          800                           1.5E-15  1.3765034E+01     1

 Major Minors     Step   nCon Feasible  Optimal  MeritFunction    nS Penalty
    12    871  1.0E+00     18  1.1E-01  1.5E-01  1.5829706E+01     5              t

        Minor   LPmult   nInf   SumInf   rgNorm    LPobjective
          100 -5.1E+01    118  6.1E+00
          200 -2.6E+00     14  2.9E-01
          300 -7.4E-02                           1.3357072E+01
          400                           5.0E-15  1.3329033E+01     1
          500                           5.6E-14  1.3307095E+01     4
          600                           2.0E-16  1.2931442E+01     1
          700 -2.8E-02                  2.8E-02  1.2676271E+01     4

 Major Minors     Step   nCon Feasible  Optimal  MeritFunction    nS Penalty
    13    778  1.0E+00     19  8.1E-01  5.4E-01  1.3417497E+01     3           R  t

        Minor   LPmult   nInf   SumInf   rgNorm    LPobjective
          100 -4.9E+02     96  6.8E+00
          200 -2.2E+02     18  6.3E-01
          300 -2.9E+01                           1.2643680E+01
          400 -3.1E-01                           1.2515203E+01
          500 -1.8E+00                  1.5E-04  1.2479551E+01     1
          600 -7.0E-02                  5.9E-15  1.2470175E+01     2
          700                           1.4E-17  1.2363918E+01     1
          800 -1.7E-02                           1.2240409E+01

 Major Minors     Step   nCon Feasible  Optimal  MeritFunction    nS Penalty
    14    843  1.0E+00     20  2.4E-01  5.7E-01  1.2334883E+01     4         s    t

        Minor   QPmult   nInf   SumInf   rgNorm    QPobjective
          100 -8.9E-01                           1.2316087E+01
          200 -3.3E-01                  8.4E-04  1.2269890E+01     1
          300 -3.6E+00                           1.2054741E+01
          400 -3.6E-01                  1.7E-03  1.1900875E+01     2
          500 -9.2E+01                           1.1520837E+01
          600                           5.7E-15  1.1356404E+01     3
          700                           2.2E-15  1.1296237E+01     3
          800                           6.4E-14  1.1294327E+01     6

 Major Minors     Step   nCon Feasible  Optimal  MeritFunction    nS Penalty
    15    801  1.0E+00     21  9.2E-02  5.2E-02 -9.8859138E+01     7 9.7E-03      t

        Minor   LPmult   nInf   SumInf   rgNorm    LPobjective
          100 -5.1E+01    178  3.1E+01
          200 -3.4E+01     84  1.4E+01
          300 -6.9E+02     28  7.8E+00
          400 -1.8E+01     14  1.6E+00
          500 -2.4E-01                           1.2126669E+01
          600 -1.7E+00                           1.1835539E+01
          700 -1.4E+01                           1.1489044E+01
          800 -9.8E-01                           1.1442893E+01
          900 -2.2E-01                           1.1396896E+01
         1000 -9.3E-02                           1.1264051E+01

        Minor   QPmult   nInf   SumInf   rgNorm    QPobjective    nS
         1100                           2.4E-15  1.1213910E+01     3

 Major Minors     Step   nCon Feasible  Optimal  MeritFunction    nS Penalty
    16   1120  1.0E+00     22  8.0E-02  7.6E-01  6.1373162E+00     5 2.6E-01      t

        Minor   QPmult   nInf   SumInf   rgNorm    QPobjective    nS
          100 -2.3E+00                  2.3E+00  1.1234656E+01     1
          200 -1.6E-01                  3.3E-12  1.1196840E+01     2
          300 -1.3E+01                  2.1E-02  1.1187139E+01     1
          400 -3.7E-02                  3.3E-02  1.1085992E+01     1
          500 -1.8E-01                  1.8E-16  1.0743343E+01     1
          600 -8.2E-02                  1.1E-15  1.0681993E+01     1
          700 -1.3E-02                  9.5E-03  1.0666713E+01     1
          800                           3.3E-03  1.0662488E+01     3

 Major Minors     Step   nCon Feasible  Optimal  MeritFunction    nS Penalty
    17    837  1.0E+00     23  1.5E-02  3.2E-01 -2.0449114E+02     9 2.6E-01      t

        Minor   LPmult   nInf   SumInf   rgNorm    LPobjective
          100 -5.7E+00     26  5.1E-01
          200                           2.8E-17  1.0571184E+01     1
          300 -3.3E-02                  3.2E-02  1.0554535E+01     2
          400 -6.8E+00                  9.4E-02  1.0546365E+01     2
          500                           6.2E-14  1.0449383E+01     5
          600 -2.0E-01                  9.5E-02  1.0420444E+01     4
          700                           3.9E-03  1.0379801E+01     4

 Major Minors     Step   nCon Feasible  Optimal  MeritFunction    nS Penalty
    18    747  1.0E+00     24  2.3E-01  3.5E-02 -5.1139733E+01    14 6.0E-01      t

        Minor   QPmult   nInf   SumInf   rgNorm    QPobjective    nS
          100 -6.8E-01                  5.9E-01  1.0399115E+01     2
          200                           4.1E-14  1.0388076E+01     5
          300                           1.3E-14  1.0379682E+01     3
          400 -1.4E-01                  1.4E-01  1.0375486E+01     2
          500 -1.4E-02                  1.2E-02  1.0363868E+01     4

 Major Minors     Step   nCon Feasible  Optimal  MeritFunction    nS Penalty
    19    594  1.0E+00     25  4.4E-02  2.5E-02  6.8706307E+00    15 6.3E-01      t

        Minor   QPmult   nInf   SumInf   rgNorm    QPobjective    nS
          100                           3.5E-16  1.0360821E+01     6
          200                           6.3E-14  1.0348694E+01     6
          300                           4.8E-15  1.0346652E+01     6
          400 -8.8E-03                  7.6E-03  1.0344905E+01     8
          500 -1.4E-02                  5.0E-14  1.0339239E+01     6
          600                           3.3E-13  1.0336070E+01     9

 Major Minors     Step   nCon Feasible  Optimal  MeritFunction    nS Penalty
    20    617  1.0E+00     26  1.2E-02  2.6E-02  8.4929607E+00    10 6.3E-01      t

        Minor   QPmult   nInf   SumInf   rgNorm    QPobjective    nS
          100                           2.1E-15  1.0331929E+01     2
          200 -1.3E-02                  7.6E-03  1.0330771E+01     3
          300 -4.6E-02                  5.3E-14  1.0324366E+01     7
          400                           7.6E-15  1.0320412E+01     7
          500                           6.6E-14  1.0315269E+01     9

 Major Minors     Step   nCon Feasible  Optimal  MeritFunction    nS Penalty
    21    590  1.0E+00     27  1.6E-03  5.0E-02  9.1245121E+00    14 6.3E-01      t

        Minor   QPmult   nInf   SumInf   rgNorm    QPobjective    nS
          100 -1.8E-01                  1.3E-14  1.0314098E+01     4
          200 -1.6E-02                  1.6E-02  1.0312532E+01     8
          300                           1.2E-12  1.0310672E+01     7
          400                           2.2E-14  1.0303168E+01    11
          500 -8.4E-03                  8.1E-03  1.0298320E+01    17

 Major Minors     Step   nCon Feasible  Optimal  MeritFunction    nS Penalty
    22    585  1.0E+00     28  2.5E-03  3.4E-02  7.3402259E+00    23 6.3E-01      t

        Minor   QPmult   nInf   SumInf   rgNorm    QPobjective    nS
          100                           4.8E-13  1.0303751E+01     6
          200                           7.0E-03  1.0301157E+01     8
          300                           4.1E-13  1.0298006E+01     8
          400 -1.9E-02                  1.6E-03  1.0296830E+01     8
          500                           1.3E-02  1.0296111E+01    10
          600 -2.2E-03                  5.6E-12  1.0295850E+01    17

 Major Minors     Step   nCon Feasible  Optimal  MeritFunction    nS Penalty
    23    616  1.0E+00     29  2.8E-03  1.0E-02  9.3455460E+00    20 6.3E-01      t

        Minor   QPmult   nInf   SumInf   rgNorm    QPobjective    nS
          100                           5.3E-14  1.0321611E+01    12
          200                           2.9E-15  1.0318963E+01    14
          300 -2.2E-01                  2.2E-01  1.0314894E+01    11
          400 -2.2E-01                  1.6E-02  1.0311819E+01    14
          500 -7.0E-03                  5.0E-03  1.0311223E+01    17

 Major Minors     Step   nCon Feasible  Optimal  MeritFunction    nS Penalty
    24    587  1.0E+00     30  9.9E-04  5.8E-03  9.7848508E+00    24 6.3E-01   R  t

        Minor   QPmult   nInf   SumInf   rgNorm    QPobjective
          100 -6.9E-02                           1.0298422E+01
          200 -1.6E-02                  2.9E-05  1.0290820E+01     1
          300 -2.5E-02                  4.5E-04  1.0289563E+01     1
          400                                    1.0288009E+01
          500                           2.2E-13  1.0287423E+01     3
          600 -1.0E-03                  9.9E-04  1.0286660E+01     4

 Major Minors     Step   nCon Feasible  Optimal  MeritFunction    nS Penalty
    25    634  1.0E+00     31  8.0E-04  1.2E-02  9.9630138E+00     9 6.3E-01 s    t

        Minor   QPmult   nInf   SumInf   rgNorm    QPobjective    nS
          100 -1.3E-02                  9.3E-06  1.0366360E+01     2
          200                           6.9E-06  1.0365541E+01     1
          300                           5.2E-13  1.0364842E+01     2
          400                           1.2E-14  1.0364321E+01     2
          500                           2.4E-17  1.0362546E+01     2

 Major Minors     Step   nCon Feasible  Optimal  MeritFunction    nS Penalty
    26    571  1.0E+00     32  3.0E-03  4.4E-02  9.8729955E+00     9 6.3E-01      t

        Minor   QPmult   nInf   SumInf   rgNorm    QPobjective    nS
          100 -2.8E-02                  1.7E-04  1.0376392E+01     1
          200                           1.0E-15  1.0375006E+01     2
          300 -1.1E-02                  1.5E-14  1.0359246E+01     3
          400                           5.0E-15  1.0355345E+01     1
          500                           3.4E-14  1.0352511E+01     4

 Major Minors     Step   nCon Feasible  Optimal  MeritFunction    nS Penalty
    27    535  1.0E+00     33  2.0E-03  3.8E-02  7.3842093E+00     7 6.3E-01      t

        Minor   QPmult   nInf   SumInf   rgNorm    QPobjective    nS
          100                           3.2E-03  1.0399694E+01     4
          200 -5.3E-01                  5.1E-01  1.0395913E+01     4
          300                           3.1E-14  1.0389961E+01     1
          400 -1.1E-01                  2.8E-14  1.0387859E+01     2
          500                           6.1E-13  1.0384036E+01     2

 Major Minors     Step   nCon Feasible  Optimal  MeritFunction    nS Penalty
    28    598  1.0E+00     34  2.3E-03  9.7E-03  9.8927793E+00     7 6.3E-01      t

        Minor   QPmult   nInf   SumInf   rgNorm    QPobjective    nS
          100 -9.0E-02                  5.4E-05  1.0411289E+01     1
          200 -2.2E-02                  2.2E-02  1.0410425E+01     3
          300                           3.9E-13  1.0406222E+01     2
          400 -9.4E-03                  9.4E-03  1.0403528E+01     6
          500 -1.2E-01                  1.1E-01  1.0400676E+01     3

 Major Minors     Step   nCon Feasible  Optimal  MeritFunction    nS Penalty
    29    554  1.0E+00     35  2.9E-03  5.8E-03  9.5744473E+00     9 6.3E-01      t

        Minor   QPmult   nInf   SumInf   rgNorm    QPobjective    nS
          100                           3.4E-13  1.0416620E+01     4
          200 -7.6E-02                  5.0E-02  1.0411596E+01     3
          300                           8.8E-10  1.0411176E+01     6
          400 -1.5E-01                  1.2E-01  1.0406263E+01     3
          500                           6.8E-13  1.0404504E+01     4

 Major Minors     Step   nCon Feasible  Optimal  MeritFunction    nS Penalty
    30    558  1.0E+00     36  1.4E-03  3.5E-02  1.0072966E+01     8 6.3E-01      t

        Minor   QPmult   nInf   SumInf   rgNorm    QPobjective    nS
          100 -3.1E-02                  3.1E-02  1.0400626E+01     4
          200                           1.8E-05  1.0399992E+01     1
          300 -7.2E+01                           1.0390195E+01
          400                           7.6E-16  1.0388653E+01     2
          500                           4.4E-15  1.0387770E+01     2

 Major Minors     Step   nCon Feasible  Optimal  MeritFunction    nS Penalty
    31    576  1.0E+00     37  1.3E-03  1.6E-02  8.0856800E+00     6 6.3E-01      t

        Minor   QPmult   nInf   SumInf   rgNorm    QPobjective    nS
          100 -8.3E-03                  3.3E-03  1.0412292E+01     3
          200 -1.8E-01                  1.7E-14  1.0405584E+01     4
          300 -1.8E-01                  2.3E-03  1.0405141E+01     3
          400 -1.1E-02                  6.3E-13  1.0404888E+01     5
          500                           2.3E-13  1.0402407E+01     4

 Major Minors     Step   nCon Feasible  Optimal  MeritFunction    nS Penalty
    32    555  1.0E+00     38  1.2E-02  3.1E-02  9.3764660E+00     7 6.3E-01      t
    33     29  1.0E+00     39  2.3E-03  8.9E-03  9.8885779E+00       6.3E-01      t
 
 SNOPTC EXIT  30 -- resource limit error
 SNOPTC INFO  31 -- iteration limit reached

 Problem name                 fstopo s
 No. of iterations               20480   Objective value      1.0399099717E+01
 No. of major iterations            33   Linear objective     0.0000000000E+00
 Penalty parameter           6.288E-01   Nonlinear objective  1.0399099717E+01
 No. of calls to funobj             40   No. of calls to funcon             40
 No. of degenerate steps            36   Percentage                       0.18
 Max x                       2 6.8E+00   Max pi                   1988 1.0E-01
 Max Primal infeas           0 0.0E+00   Max Dual infeas          4048 3.7E-02
 Nonlinear constraint violn    2.2E-02
 
 

 Solution printed on file  18
 
 Time for MPS input                             0.00 seconds
 Time for solving problem                   24759.11 seconds
 Time for solution output                       0.12 seconds
 Time for constraint functions              24983.51 seconds
 Time for objective function                    0.00 seconds
