
 ==============================
 S N O P T  7.2-5    (May 2007)
 ==============================
 
 SNMEMB EXIT 100 -- finished successfully
 SNMEMB INFO 104 -- memory requirements estimated

 ==============================
 S N O P T  7.2-5    (May 2007)
 ==============================
 
 

 Nonlinear constraints       7     Linear constraints       0
 Nonlinear variables        12     Linear variables         0
 Jacobian  variables        12     Objective variables     12
 Total constraints           7     Total variables         12
 

 
 The user has defined      84   out of      84   constraint gradients.
 The user has defined      12   out of      12   objective  gradients.
 

 Major Minors     Step   nCon Feasible  Optimal  MeritFunction    nS Penalty
     0      9               1  1.3E+02  1.5E+00  0.0000000E+00     5           r
     1      1  2.7E-02      2  6.1E+01  1.3E+00  1.7041335E+03     5 2.2E-01 n rl
     2      1  2.8E-02      3  4.0E+01  1.9E+00  1.6578577E+03     5 2.2E-01 s  l
     3      1  1.5E-01      4  1.1E+01  1.5E+00  3.1135420E+03     5 4.6E-01    l
     4      1  5.1E-01      5  1.9E+00  6.2E-01  2.4231143E+03     5 4.6E-01    l
     5      1  1.0E+00      6 (6.9E-16) 3.4E-01  2.0691313E+03     5 4.6E-01
     6      1  1.0E+00      7 (1.1E-15) 2.4E+00  1.9801364E+03     5 4.6E-01
     7      1  1.0E+00      8 (1.1E-15) 2.8E-01  1.1369998E+03     5 4.6E-01
     8      1  1.0E+00      9 (2.8E-16) 1.5E+00  1.1130985E+03     5 4.6E-01
     9      1  1.0E+00     10 (3.2E-16) 2.1E-01  9.7774878E+02     5 4.6E-01

 Major Minors     Step   nCon Feasible  Optimal  MeritFunction    nS Penalty
    10      1  1.0E+00     11 (7.2E-16) 4.5E-01  9.5628772E+02     5 4.6E-01
    11      1  1.0E+00     12 (7.1E-16) 4.1E-01  9.0275066E+02     5 4.6E-01
    12      1  1.0E+00     13 (4.6E-16) 6.5E-01  8.4448108E+02     5 4.6E-01
    13      1  1.0E+00     14 (4.5E-16) 1.8E+00  7.0181714E+02     5 4.6E-01
    14      1  1.0E+00     15 (9.6E-16) 3.4E+00  4.9437594E+02     5 4.6E-01
    15      1  1.0E+00     16 (4.9E-16) 4.1E+00  2.7730373E+02     5 4.6E-01
    16      1  1.0E+00     17 (2.1E-16) 2.1E+00  1.8179476E+02     5 4.6E-01
    17      1  1.0E+00     18 (4.8E-16) 4.1E-01  1.6642086E+02     5 4.6E-01
    18      1  1.0E+00     19 (5.6E-16) 5.4E-02  1.6566906E+02     5 4.6E-01
    19      1  1.0E+00     20 (3.6E-16) 1.4E-02  1.6565563E+02     5 4.6E-01

 Major Minors     Step   nCon Feasible  Optimal  MeritFunction    nS Penalty
    20      1  1.0E+00     21 (4.9E-16) 1.9E-03  1.6565531E+02     5 4.6E-01
    21      1  1.0E+00     22 (6.7E-16) 2.5E-04  1.6565529E+02     5 4.6E-01
    22      1  1.0E+00     23 (2.8E-16) 2.1E-05  1.6565529E+02     5 4.6E-01
    23      1  1.0E+00     24 (3.4E-16)(7.5E-07) 1.6565529E+02     5 4.6E-01
 
 SNOPTC EXIT   0 -- finished successfully
 SNOPTC INFO   1 -- optimality conditions satisfied

 Problem name                 snopt CU
 No. of iterations                  32   Objective value      1.6565528622E+02
 No. of major iterations            23   Linear objective     0.0000000000E+00
 Penalty parameter           4.646E-01   Nonlinear objective  1.6565528622E+02
 No. of calls to funobj             25   No. of calls to funcon             25
 No. of superbasics                  5   No. of basic nonlinears             7
 No. of degenerate steps             0   Percentage                       0.00
 Max x                      12 4.1E+02   Max pi                      7 2.3E+00
 Max Primal infeas           0 0.0E+00   Max Dual infeas             4 2.4E-06
 Nonlinear constraint violn    8.5E-14
 
 

 Solution printed on file  18
 
 Time for MPS input                             0.00 seconds
 Time for solving problem                       0.03 seconds
 Time for solution output                       0.00 seconds
 Time for constraint functions                  0.03 seconds
 Time for objective function                    0.00 seconds
