
 ==============================
 S N O P T  7.2-5    (May 2007)
 ==============================
 
 SNMEMB EXIT 100 -- finished successfully
 SNMEMB INFO 104 -- memory requirements estimated

 ==============================
 S N O P T  7.2-5    (May 2007)
 ==============================
 
 

 Nonlinear constraints       7     Linear constraints       0
 Nonlinear variables        16     Linear variables         0
 Jacobian  variables        16     Objective variables     16
 Total constraints           7     Total variables         16
 

 
 The user has defined     112   out of     112   constraint gradients.
 The user has defined      16   out of      16   objective  gradients.
 

 Major Minors     Step   nCon Feasible  Optimal  MeritFunction    nS Penalty
     0      0               1 (0.0E+00)(8.9E-08) 0.0000000E+00                 r
 
 SNOPTC EXIT   0 -- finished successfully
 SNOPTC INFO   1 -- optimality conditions satisfied

 Problem name                 snopt CU
 No. of iterations                   0   Objective value      0.0000000000E+00
 No. of major iterations             0   Linear objective     0.0000000000E+00
 Penalty parameter           0.000E+00   Nonlinear objective  0.0000000000E+00
 No. of calls to funobj              2   No. of calls to funcon              2
 No. of degenerate steps             0   Percentage                       0.00
 Max x                       1 0.0E+00   Max pi                      7 8.9E-08
 Max Primal infeas           0 0.0E+00   Max Dual infeas             8 1.8E-07
 Nonlinear constraint violn    0.0E+00
 
 

 Solution printed on file  18
 
 Time for MPS input                             0.00 seconds
 Time for solving problem                       0.00 seconds
 Time for solution output                       0.00 seconds
 Time for constraint functions                  0.00 seconds
 Time for objective function                    0.00 seconds
