
 ==============================
 S N O P T  7.2-5    (May 2007)
 ==============================
 
 SNMEMB EXIT 100 -- finished successfully
 SNMEMB INFO 104 -- memory requirements estimated

 ==============================
 S N O P T  7.2-5    (May 2007)
 ==============================
 
 

 Nonlinear constraints     350     Linear constraints       0
 Nonlinear variables       175     Linear variables         0
 Jacobian  variables       175     Objective variables    175
 Total constraints         350     Total variables        175
 

 
 The user has defined   61250   out of   61250   constraint gradients.
 The user has defined     175   out of     175   objective  gradients.
 

        Minor   QPmult   nInf   SumInf   rgNorm    QPobjective
          100  2.4E+01                           7.1036691E+03

 Major Minors     Step   nCon Feasible  Optimal  MeritFunction    nS Penalty
     0    161               1  1.4E+00  1.6E-01  0.0000000E+00                 r
     1      5  1.0E-01      2  6.3E-01  1.4E-01  8.9917510E+03       2.1E+03 n rl
     2     23  1.1E-01      3  3.7E-01  1.9E-01  8.6079933E+03       2.1E+03 s  l
     3      0  7.6E-01      4  3.0E-02  4.7E-02  6.5484769E+03       2.1E+03    l
     4      0  1.0E+00      5 (2.4E-14)(3.3E-16) 5.9468849E+03       2.1E+03
 
 SNOPTC EXIT   0 -- finished successfully
 SNOPTC INFO   1 -- optimality conditions satisfied

 Problem name                 snopt CU
 No. of iterations                 189   Objective value      5.9468849245E+03
 No. of major iterations             4   Linear objective     0.0000000000E+00
 Penalty parameter           2.050E+03   Nonlinear objective  5.9468849245E+03
 No. of calls to funobj              6   No. of calls to funcon              6
 No. of degenerate steps           125   Percentage                      66.14
 Max x                     126 1.6E+00   Max pi                    182 6.9E+02
 Max Primal infeas           0 0.0E+00   Max Dual infeas            14 2.3E-13
 Nonlinear constraint violn    2.7E-13
 
 

 Solution printed on file  18
 
 Time for MPS input                             0.00 seconds
 Time for solving problem                       1.36 seconds
 Time for solution output                       0.02 seconds
 Time for constraint functions                  1.50 seconds
 Time for objective function                    0.00 seconds
