
 ==============================
 S N O P T  7.2-5    (May 2007)
 ==============================
 
 SNMEMB EXIT 100 -- finished successfully
 SNMEMB INFO 104 -- memory requirements estimated

 ==============================
 S N O P T  7.2-5    (May 2007)
 ==============================
 
 

 Nonlinear constraints    1005     Linear constraints       0
 Nonlinear variables        10     Linear variables         0
 Jacobian  variables        10     Objective variables     10
 Total constraints        1005     Total variables         10
 

 
 The user has defined   10050   out of   10050   constraint gradients.
 The user has defined      10   out of      10   objective  gradients.
 

 Major Minors     Step   nCon Feasible  Optimal  MeritFunction    nS Penalty
     0      5               1  2.7E-01  1.5E+00  3.1000000E+01     3           r
     1      6  3.0E-01      2  2.2E-01  1.3E+00  2.4957153E+01     5         n rl
     2      6  3.3E-01      3  1.8E-01  7.2E-01  1.8816743E+01               s  l
     3      0  1.0E+00      4 (1.1E-16)(0.0E+00) 2.3127724E-18
 
 SNOPTC EXIT   0 -- finished successfully
 SNOPTC INFO   1 -- optimality conditions satisfied

 Problem name                 snopt CU
 No. of iterations                  17   Objective value     -5.5511151231E-17
 No. of major iterations             3   Linear objective     0.0000000000E+00
 Penalty parameter           0.000E+00   Nonlinear objective -5.5511151231E-17
 No. of calls to funobj              5   No. of calls to funcon              5
 No. of degenerate steps             4   Percentage                      23.53
 Max x                       8 5.6E-17   Max pi                      6 2.5E+00
 Max Primal infeas           0 0.0E+00   Max Dual infeas             0 0.0E+00
 Nonlinear constraint violn    1.1E-16
 
 

 Solution printed on file  18
 
 Time for MPS input                             0.00 seconds
 Time for solving problem                       0.23 seconds
 Time for solution output                       0.02 seconds
 Time for constraint functions                  0.29 seconds
 Time for objective function                    0.00 seconds
