
 ==============================
 S N O P T  7.2-5    (May 2007)
 ==============================
 
 SNMEMB EXIT 100 -- finished successfully
 SNMEMB INFO 104 -- memory requirements estimated

 ==============================
 S N O P T  7.2-5    (May 2007)
 ==============================
 
 

 Nonlinear constraints     128     Linear constraints       0
 Nonlinear variables       128     Linear variables         0
 Jacobian  variables       128     Objective variables    128
 Total constraints         128     Total variables        128
 

 
 The user has defined   16384   out of   16384   constraint gradients.
 The user has defined     128   out of     128   objective  gradients.
 

 Major Minors     Step   nCon Feasible  Optimal  MeritFunction    nS Penalty
     0     99               1 (0.0E+00) 2.1E-01  2.6465400E+02    99           r  T
     1     30  1.1E-01      2 (0.0E+00) 2.1E-01  2.5990901E+02   128         n rl
     2      1  8.8E-02      4 (0.0E+00) 2.1E-01  2.5513604E+02   128         n rl

        Minor   QPmult   nInf   SumInf   rgNorm    QPobjective    nS
          100                           1.5E+02  4.2623403E+01    28
          200 -5.7E-02                           7.4714023E+00

 Major Minors     Step   nCon Feasible  Optimal  MeritFunction    nS Penalty
     3    264  4.6E+00      7  6.0E+00  2.4E-02  6.8261245E+00     6         sm
     4     13  5.8E-02     17  5.6E+00  2.2E-02  7.6815625E+00     3 4.3E-03
     5      1  7.0E-02     27  5.2E+00  3.5E-02  7.7536223E+00     3 4.8E-03
     6     14  1.0E-01     37  4.7E+00  5.9E-02  7.8644892E+00     3 5.6E-03
     7     26  1.2E-01     40  4.1E+00  8.4E-02  8.0621833E+00     2 7.3E-03
     8     31  1.9E-01     42  3.4E+00  1.2E-01  8.2866066E+00     3 9.9E-03
     9     14  2.6E-01     44  2.6E+00  1.6E-01  8.6236599E+00     2 1.6E-02

 Major Minors     Step   nCon Feasible  Optimal  MeritFunction    nS Penalty
    10      9  3.3E-01     46  1.8E+00  1.9E-01  9.0150018E+00     3 2.7E-02
    11     13  4.0E-01     48  1.2E+00  2.1E-01  9.4163902E+00     3 5.0E-02
    12     18  1.0E+00     49  4.2E-01  1.9E-01  9.8169856E+00     3 1.0E-01
    13     28  1.0E+00     50  1.2E-01  2.6E-02  1.0108635E+01     7 4.7E-01   R
    14      2  1.0E+00     51  1.9E-02  1.9E-02  1.0074167E+01     6 4.7E-01 s
    15      1  1.0E+00     52  7.8E-04  4.7E-03  1.0079401E+01     6 5.1E+00
    16      4  1.0E+00     53  1.8E-06  1.8E-03  1.0079114E+01     5 2.9E+00
    17      1  1.0E+00     54  2.7E-05  1.1E-03  1.0078744E+01     5 2.9E+00
    18      2  1.0E+00     55 (2.7E-07) 4.9E-04  1.0078706E+01     4 2.9E+00
    19      1  4.8E-08     65 (2.7E-07) 6.0E-04  1.0078706E+01     4 2.9E+00
    19      2              70 (2.7E-07) 2.8E-04  1.0078706E+01     4           r
    19      2              75 (2.7E-07) 2.8E-04  1.0078706E+01     4           r
 
 SNOPTC EXIT  40 -- terminated after numerical difficulties
 SNOPTC INFO  41 -- current point cannot be improved

 Problem name                 fstopo s
 No. of iterations                 573   Objective value      1.0078704976E+01
 No. of major iterations            19   Linear objective     0.0000000000E+00
 Penalty parameter           0.000E+00   Nonlinear objective  1.0078704976E+01
 No. of calls to funobj             81   No. of calls to funcon             81
 No. of superbasics                  4   No. of basic nonlinears            27
 No. of degenerate steps             0   Percentage                       0.00
 Max x                     114 1.8E+00   Max pi                      4 4.0E-01
 Max Primal infeas           0 0.0E+00   Max Dual infeas           136 1.2E-01
 Nonlinear constraint violn    8.6E-07
 
 

 Solution printed on file  18
 
 Time for MPS input                             0.00 seconds
 Time for solving problem                     157.91 seconds
 Time for solution output                       0.00 seconds
 Time for constraint functions                160.14 seconds
 Time for objective function                    0.00 seconds
