
 ==============================
 S N O P T  7.2-5    (May 2007)
 ==============================
 
 SNMEMB EXIT 100 -- finished successfully
 SNMEMB INFO 104 -- memory requirements estimated

 ==============================
 S N O P T  7.2-5    (May 2007)
 ==============================
 
 

 Nonlinear constraints      30     Linear constraints       0
 Nonlinear variables        65     Linear variables         0
 Jacobian  variables        65     Objective variables     65
 Total constraints          30     Total variables         65
 

 
 The user has defined    1950   out of    1950   constraint gradients.
 The user has defined      65   out of      65   objective  gradients.
 

 Major Minors     Step   nCon Feasible  Optimal  MeritFunction    nS Penalty
     0     43               1  6.0E-01  1.2E+00  2.4375000E+02    43           r
     1      1  3.7E-01      2  3.7E-01  5.6E-01  5.4765482E+02    43 2.8E+01 n rl
     2      1  4.6E-01      3  1.9E-01  1.5E-01  5.1713716E+02    43 2.8E+01 s  l
     3      1  1.0E+00      4 (0.0E+00) 1.0E-01  5.1742248E+02    43 3.2E+01
     4      1  1.0E+00      5 (0.0E+00) 1.5E-01  5.0560733E+02    43 3.2E+01
     5      1  1.0E+00      6 (0.0E+00) 8.1E-02  4.9784103E+02    43 3.2E+01
     6      1  1.0E+00      7 (0.0E+00) 2.6E-02  4.9633003E+02    43 3.2E+01
     7      1  1.0E+00      8 (0.0E+00) 1.9E-02  4.9587880E+02    43 3.2E+01
     8      1  1.0E+00      9 (0.0E+00) 3.0E-02  4.9529119E+02    43 3.2E+01
     9      1  1.0E+00     10 (0.0E+00) 3.1E-02  4.9493943E+02    43 3.2E+01

 Major Minors     Step   nCon Feasible  Optimal  MeritFunction    nS Penalty
    10      1  1.0E+00     11 (0.0E+00) 1.7E-02  4.9468495E+02    43 3.2E+01
    11      1  1.0E+00     12 (0.0E+00) 1.1E-02  4.9457221E+02    43 3.2E+01
    12      1  1.0E+00     13 (0.0E+00) 4.4E-03  4.9453432E+02    43 3.2E+01
    13      1  1.0E+00     14 (0.0E+00) 2.3E-03  4.9452695E+02    43 3.2E+01
    14      1  1.0E+00     15 (0.0E+00) 1.4E-03  4.9452485E+02    43 3.2E+01
    15      1  1.0E+00     16 (0.0E+00) 2.1E-03  4.9452308E+02    43 3.2E+01
    16      1  1.0E+00     17 (0.0E+00) 1.7E-03  4.9452160E+02    43 3.2E+01
    17      1  1.0E+00     18 (0.0E+00) 6.6E-04  4.9452102E+02    43 3.2E+01
    18      1  1.0E+00     19 (0.0E+00) 2.2E-04  4.9452091E+02    43 3.2E+01
    19      1  1.0E+00     20 (0.0E+00) 1.9E-04  4.9452089E+02    43 3.2E+01

 Major Minors     Step   nCon Feasible  Optimal  MeritFunction    nS Penalty
    20      1  1.0E+00     21 (0.0E+00) 2.1E-04  4.9452087E+02    43 3.2E+01
    21      1  1.0E+00     22 (0.0E+00) 1.2E-04  4.9452086E+02    43 3.2E+01
    22      1  1.0E+00     23 (0.0E+00) 4.5E-05  4.9452086E+02    43 3.2E+01
    23      1  1.0E+00     24 (0.0E+00) 2.8E-05  4.9452086E+02    43 3.2E+01
    24      1  1.0E+00     25 (0.0E+00) 2.1E-05  4.9452085E+02    43 3.2E+01
    25      1  1.0E+00     26 (0.0E+00) 1.3E-05  4.9452085E+02    43 3.2E+01
    26      1  1.0E+00     27 (0.0E+00) 8.8E-06  4.9452085E+02    43 3.2E+01
    27      1  1.0E+00     28 (0.0E+00) 7.0E-06  4.9452085E+02    43 3.2E+01
    28      1  1.0E+00     29 (0.0E+00) 4.5E-06  4.9452085E+02    43 3.2E+01
    29      1  1.0E+00     30 (0.0E+00)(1.9E-06) 4.9452085E+02    43 3.2E+01
 
 SNOPTC EXIT   0 -- finished successfully
 SNOPTC INFO   1 -- optimality conditions satisfied

 Problem name                 snopt CU
 No. of iterations                  72   Objective value      4.9452085430E+02
 No. of major iterations            29   Linear objective     0.0000000000E+00
 Penalty parameter           3.156E+01   Nonlinear objective  4.9452085430E+02
 No. of calls to funobj             31   No. of calls to funcon             31
 No. of superbasics                 43   No. of basic nonlinears            22
 No. of degenerate steps             0   Percentage                       0.00
 Max x                      22 1.6E+00   Max pi                     25 5.7E+01
 Max Primal infeas           0 0.0E+00   Max Dual infeas            42 1.1E-04
 Nonlinear constraint violn    0.0E+00
 
 

 Solution printed on file  18
 
 Time for MPS input                             0.00 seconds
 Time for solving problem                       0.14 seconds
 Time for solution output                       0.00 seconds
 Time for constraint functions                  0.13 seconds
 Time for objective function                    0.00 seconds
