
 ==============================
 S N O P T  7.2-5    (May 2007)
 ==============================
 
 SNMEMB EXIT 100 -- finished successfully
 SNMEMB INFO 104 -- memory requirements estimated

 ==============================
 S N O P T  7.2-5    (May 2007)
 ==============================
 
 

 Nonlinear constraints       9     Linear constraints       0
 Nonlinear variables        24     Linear variables         0
 Jacobian  variables        24     Objective variables     24
 Total constraints           9     Total variables         24
 

 
 The user has defined     216   out of     216   constraint gradients.
 The user has defined      24   out of      24   objective  gradients.
 

 Major Minors     Step   nCon Feasible  Optimal  MeritFunction    nS Penalty
     0     15               1  1.0E+00  6.9E-01  1.2000000E+01    15           r
     1      1  3.0E-01      2  3.5E-01  3.9E-01  7.4436462E+00    15         n rl
     2      1  3.3E-01      3  1.6E-01  2.9E-01  4.4097190E+00    15         s  l
     3      0  1.0E+00      4 (2.0E-16)(9.9E-16) 2.9732143E+00    15
 
 SNOPTC EXIT   0 -- finished successfully
 SNOPTC INFO   1 -- optimality conditions satisfied

 Problem name                 snopt CU
 No. of iterations                  17   Objective value      2.9732142857E+00
 No. of major iterations             3   Linear objective     0.0000000000E+00
 Penalty parameter           0.000E+00   Nonlinear objective  2.9732142857E+00
 No. of calls to funobj              5   No. of calls to funcon              5
 No. of superbasics                 15   No. of basic nonlinears             9
 No. of degenerate steps             0   Percentage                       0.00
 Max x                      18 1.4E+00   Max pi                      1 1.0E+00
 Max Primal infeas           0 0.0E+00   Max Dual infeas            23 2.0E-15
 Nonlinear constraint violn    8.9E-16
 
 

 Solution printed on file  18
 
 Time for MPS input                             0.00 seconds
 Time for solving problem                       0.01 seconds
 Time for solution output                       0.00 seconds
 Time for constraint functions                  0.01 seconds
 Time for objective function                    0.00 seconds
