
 ==============================
 S N O P T  7.2-5    (May 2007)
 ==============================
 
 SNMEMB EXIT 100 -- finished successfully
 SNMEMB INFO 104 -- memory requirements estimated

 ==============================
 S N O P T  7.2-5    (May 2007)
 ==============================
 
 

 Nonlinear constraints     512     Linear constraints       0
 Nonlinear variables       512     Linear variables         0
 Jacobian  variables       512     Objective variables    512
 Total constraints         512     Total variables        512
 

 
 The user has defined  262144   out of  262144   constraint gradients.
 The user has defined     512   out of     512   objective  gradients.
 

 Major Minors     Step   nCon Feasible  Optimal  MeritFunction    nS Penalty
     0     99               1 (0.0E+00) 5.3E-02  2.6465400E+02    99           r  T

        Minor   QPmult   nInf   SumInf   rgNorm    QPobjective    nS
          100  1.1E-01                           2.5187576E+02   198

 Major Minors     Step   nCon Feasible  Optimal  MeritFunction    nS Penalty
     1    100  2.3E-01      2 (0.0E+00) 5.3E-02  2.6231716E+02   198         n rl T

        Minor   QPmult   nInf   SumInf   rgNorm    QPobjective    nS
          100  1.1E-01                           2.4427661E+02   297

 Major Minors     Step   nCon Feasible  Optimal  MeritFunction    nS Penalty
     2    100  1.1E-01      4 (0.0E+00) 5.3E-02  2.5993872E+02   297         n rl T

        Minor   QPmult   nInf   SumInf   rgNorm    QPobjective    nS
          100                           4.7E+00  2.0759646E+02   197
          200                           6.6E+00  1.4458632E+02    97
          300                           4.3E-02  1.1697895E+02     3
          400  1.1E-01                           8.7069484E+01
          500  1.1E-01                           5.4358287E+01

 Major Minors     Step   nCon Feasible  Optimal  MeritFunction    nS Penalty
     3    502  4.5E+00      7  5.7E-03  5.3E-02  1.2092804E+02               sm   t

        Minor   LPmult   nInf   SumInf   rgNorm    LPobjective
          100 -9.4E+02    176  4.7E+02
          200 -2.0E+01    110  2.6E+02
          300 -3.6E+02     78  1.7E+02
          400 -3.1E+01     66  8.9E+01
          500 -1.3E+01     45  5.0E+01
          600 -3.4E+00     37  3.4E+01
          700 -8.0E+00     26  1.9E+01
          800 -1.2E+01      7  4.9E+00
          900 -4.6E-01      3  1.4E+00
         1000 -3.2E+00                           7.3403461E+01

        Minor   QPmult   nInf   SumInf   rgNorm    QPobjective
         1100 -2.6E+00                           7.2299190E+01
         1200 -2.7E+00                           7.0116279E+01
         1300                           3.8E-14  6.8895540E+01     1
         1400 -1.8E+00                  8.9E-04  6.8349405E+01     1

 Major Minors     Step   nCon Feasible  Optimal  MeritFunction    nS Penalty
     4   1486  1.0E+00      9  6.8E-01  7.1E-01  3.4222959E+01                M   t

        Minor   LPmult   nInf   SumInf   rgNorm    LPobjective
          100 -8.3E+03    185  1.7E+04
          200 -2.0E+04    105  5.5E+03
          300 -3.6E+03     35  1.3E+03
          400  1.9E-01                  3.1E-16  9.2195392E+01     1
          500  8.8E-02                  2.9E-18  2.5133480E+01     2

 Major Minors     Step   nCon Feasible  Optimal  MeritFunction    nS Penalty
     5    526  1.0E+00     10 (0.0E+00) 5.3E-02 -5.3426065E+02    16 2.8E-01

        Minor   LPmult   nInf   SumInf   rgNorm    LPobjective
          100 -7.9E+01     54  4.7E+01
          200 -1.4E+01     12  6.5E+00
          300 -2.9E+01                           2.2816317E+01
          400 -1.1E+00                           1.7916683E+01
          500                           8.4E-15  1.5685565E+01     1
          600 -2.2E-01                  1.8E+00  1.5392386E+01     1
          700 -1.0E-01                  8.3E-02  1.4765095E+01     4
          800                           5.8E-14  1.4614856E+01     3

 Major Minors     Step   nCon Feasible  Optimal  MeritFunction    nS Penalty
     6    837  9.0E-01     20  3.3E-01  6.5E-01  1.2444081E+01     5 7.7E-01      t

        Minor   LPmult   nInf   SumInf   rgNorm    LPobjective
          100 -5.5E+01     27  2.1E+00
          200 -1.4E+00                           1.4427612E+01
          300                           8.7E-19  1.3984208E+01     1
          400                           3.8E-17  1.3831719E+01     1
          500                           3.7E-04  1.3628199E+01     1
          600 -3.3E-02                  5.2E-02  1.3586957E+01     3
          700 -2.8E-01                  4.2E-15  1.3512219E+01     4

 Major Minors     Step   nCon Feasible  Optimal  MeritFunction    nS Penalty
     7    725  1.0E+00     22  1.7E-01  3.9E-01 -2.3752266E+01     7 9.7E-01  m   t

        Minor   QPmult   nInf   SumInf   rgNorm    QPobjective    nS
          100 -3.3E-01                  2.6E+00  1.2586419E+01     2
          200                           6.4E-16  1.1581924E+01     1
          300                           8.7E-15  1.1411841E+01     1
          400                           2.5E-13  1.1355873E+01     3
          500                           1.2E-14  1.1340719E+01     5

 Major Minors     Step   nCon Feasible  Optimal  MeritFunction    nS Penalty
     8    561  1.0E+00     23  5.1E-02  1.4E-01 -1.6738562E+01    15 9.9E-01

        Minor   LPmult   nInf   SumInf   rgNorm    LPobjective
          100 -1.8E+01     41  1.9E+00
          200 -5.6E+00                           1.2453288E+01
          300 -9.3E+01                           1.2065383E+01
          400 -3.9E-01                           1.1706370E+01
          500 -1.8E-01                  7.5E-15  1.1654599E+01     1
          600 -7.3E-02                  7.1E-02  1.1623077E+01     3
          700 -6.4E-02                  3.9E-02  1.1561250E+01     1

 Major Minors     Step   nCon Feasible  Optimal  MeritFunction    nS Penalty
     9    752  1.0E+00     25  1.5E-01  2.7E-01  1.1540508E+01     3 1.0E+00  M   t

        Minor   QPmult   nInf   SumInf   rgNorm    QPobjective
          100 -6.3E+01                           1.0521982E+01
          200                           2.4E-14  1.0032424E+01     2
          300                           6.9E-17  9.9373160E+00     1
          400 -1.6E-02                  4.3E-16  9.9042188E+00     4
          500 -1.2E-02                  2.5E-03  9.8892947E+00     9

 Major Minors     Step   nCon Feasible  Optimal  MeritFunction    nS Penalty
    10    546  1.0E+00     26  2.1E-02  5.7E-02 -3.5820064E+01    25 1.5E+00

 Major Minors     Step   nCon Feasible  Optimal  MeritFunction    nS Penalty
    10    618              33  2.1E-02  8.7E-02 -4.1835655E+01    28           r

 Major Minors     Step   nCon Feasible  Optimal  MeritFunction    nS Penalty
    10    618              39  2.1E-02  8.7E-02 -4.1835655E+01    28           r
 
 SNOPTC EXIT  40 -- terminated after numerical difficulties
 SNOPTC INFO  41 -- current point cannot be improved

 Problem name                 fstopo s
 No. of iterations                6306   Objective value      1.0793838401E+01
 No. of major iterations            10   Linear objective     0.0000000000E+00
 Penalty parameter           2.714E-01   Nonlinear objective  1.0793838401E+01
 No. of calls to funobj             46   No. of calls to funcon             46
 No. of superbasics                 28   No. of basic nonlinears            69
 No. of degenerate steps             1   Percentage                       0.02
 Max x                     483 3.2E+00   Max pi                      1 5.7E-01
 Max Primal infeas           0 0.0E+00   Max Dual infeas           203 2.5E-01
 Nonlinear constraint violn    1.2E-01
 
 

 Solution printed on file  18
 
 Time for MPS input                             0.00 seconds
 Time for solving problem                     323.80 seconds
 Time for solution output                       0.01 seconds
 Time for constraint functions                321.64 seconds
 Time for objective function                    0.00 seconds
