
 ==============================
 S N O P T  7.2-5    (May 2007)
 ==============================
 
 SNMEMB EXIT 100 -- finished successfully
 SNMEMB INFO 104 -- memory requirements estimated

 ==============================
 S N O P T  7.2-5    (May 2007)
 ==============================
 
 

 Nonlinear constraints      10     Linear constraints       0
 Nonlinear variables        10     Linear variables         0
 Jacobian  variables        10     Objective variables     10
 Total constraints          10     Total variables         10
 

 
 The user has defined     100   out of     100   constraint gradients.
 The user has defined      10   out of      10   objective  gradients.
 

 Major Minors     Step   nCon Feasible  Optimal  MeritFunction    nS Penalty
     0      7               1  9.5E+00  6.9E-01  0.0000000E+00     1           r
     1      0  1.1E-01      2  4.2E+00  3.2E-01  9.8251514E+01     1 1.9E+00 n rl
     2      0  1.2E-01      3  2.5E+00  6.2E-01  8.0008955E+01     1 1.9E+00 s  l
     3      0  8.0E-01      4  1.7E-01  2.1E-01  6.3463251E+01     1 2.2E+00    l
     4      0  1.0E+00      5 (2.1E-16)(9.1E-17) 5.7812500E+01     1 2.2E+00
 
 SNOPTC EXIT   0 -- finished successfully
 SNOPTC INFO   1 -- optimality conditions satisfied

 Problem name                 snopt CU
 No. of iterations                   7   Objective value      5.7812500000E+01
 No. of major iterations             4   Linear objective     0.0000000000E+00
 Penalty parameter           2.151E+00   Nonlinear objective  5.7812500000E+01
 No. of calls to funobj              6   No. of calls to funcon              6
 No. of superbasics                  1   No. of basic nonlinears             9
 No. of degenerate steps             4   Percentage                      57.14
 Max x                      10 6.8E+00   Max pi                     10 8.7E+00
 Max Primal infeas           0 0.0E+00   Max Dual infeas            10 8.9E-16
 Nonlinear constraint violn    2.2E-15
 
 

 Solution printed on file  18
 
 Time for MPS input                             0.00 seconds
 Time for solving problem                       0.01 seconds
 Time for solution output                       0.00 seconds
 Time for constraint functions                  0.01 seconds
 Time for objective function                    0.00 seconds
