
 ==============================
 S N O P T  7.2-5    (May 2007)
 ==============================
 
 SNMEMB EXIT 100 -- finished successfully
 SNMEMB INFO 104 -- memory requirements estimated

 ==============================
 S N O P T  7.2-5    (May 2007)
 ==============================
 
 

 Nonlinear constraints      10     Linear constraints       0
 Nonlinear variables        36     Linear variables         0
 Jacobian  variables        36     Objective variables     36
 Total constraints          10     Total variables         36
 

 
 The user has defined     360   out of     360   constraint gradients.
 The user has defined      36   out of      36   objective  gradients.
 

 Major Minors     Step   nCon Feasible  Optimal  MeritFunction    nS Penalty
     0     41               1 (0.0E+00) 5.5E+00  1.6873572E+01    31           r
     1      1  2.3E-01      2 (0.0E+00) 3.3E+00 -1.2601509E+01    31         n rl
     2      1  2.2E-01      3 (0.0E+00) 1.7E+00 -3.2022647E+01    31         s  l
     3      1  1.0E+00      4 (3.9E-17) 4.9E-01 -5.1055106E+01    31
     4      1  1.0E+00      5 (3.8E-17) 2.9E-01 -5.1800362E+01    31
     5      1  1.0E+00      6 (3.7E-17) 6.6E-02 -5.2024847E+01    31
     6      2  1.0E+00      7 (4.2E-17) 2.9E-02 -5.2043065E+01    30
     7      1  1.0E+00      8 (3.7E-17) 1.3E-02 -5.2048117E+01    30
     8      1  1.0E+00      9 (4.2E-17) 6.0E-03 -5.2048893E+01    30
     9      1  1.0E+00     10 (4.2E-17) 3.1E-03 -5.2049110E+01    30

 Major Minors     Step   nCon Feasible  Optimal  MeritFunction    nS Penalty
    10      1  1.0E+00     11 (5.2E-17) 1.7E-03 -5.2049157E+01    30
    11      1  1.0E+00     12 (3.3E-17) 6.4E-04 -5.2049167E+01    30
    12      1  1.0E+00     13 (3.7E-17) 3.3E-04 -5.2049169E+01    30
    13      1  1.0E+00     14 (4.7E-17) 1.7E-04 -5.2049170E+01    30
    14      1  1.0E+00     15 (3.7E-17) 9.5E-05 -5.2049170E+01    30
    15      1  1.0E+00     16 (5.2E-17) 5.0E-05 -5.2049170E+01    30
    16      1  1.0E+00     17 (5.2E-17) 2.5E-05 -5.2049170E+01    30
    17      1  1.0E+00     18 (7.0E-17) 1.2E-05 -5.2049170E+01    30
    18      1  1.0E+00     19 (4.7E-17) 6.7E-06 -5.2049170E+01    30
    19      1  1.0E+00     20 (6.1E-17) 3.1E-06 -5.2049170E+01    30

 Major Minors     Step   nCon Feasible  Optimal  MeritFunction    nS Penalty
    20      1  1.0E+00     21 (5.6E-17)(1.7E-06)-5.2049170E+01    30
 
 SNOPTC EXIT   0 -- finished successfully
 SNOPTC INFO   1 -- optimality conditions satisfied

 Problem name                 snopt CU
 No. of iterations                  62   Objective value     -5.2049169695E+01
 No. of major iterations            20   Linear objective     0.0000000000E+00
 Penalty parameter           0.000E+00   Nonlinear objective -5.2049169695E+01
 No. of calls to funobj             22   No. of calls to funcon             22
 No. of superbasics                 30   No. of basic nonlinears             6
 No. of degenerate steps             0   Percentage                       0.00
 Max x                      16 1.2E+00   Max pi                     10 5.0E-01
 Max Primal infeas           0 0.0E+00   Max Dual infeas            18 3.5E-06
 Nonlinear constraint violn    3.3E-16
 
 

 Solution printed on file  18
 
 Time for MPS input                             0.00 seconds
 Time for solving problem                       0.04 seconds
 Time for solution output                       0.00 seconds
 Time for constraint functions                  0.03 seconds
 Time for objective function                    0.00 seconds
