
 ==============================
 S N O P T  7.2-5    (May 2007)
 ==============================
 
 SNMEMB EXIT 100 -- finished successfully
 SNMEMB INFO 104 -- memory requirements estimated

 ==============================
 S N O P T  7.2-5    (May 2007)
 ==============================
 
 

 Nonlinear constraints       3     Linear constraints       0
 Nonlinear variables         5     Linear variables         0
 Jacobian  variables         5     Objective variables      5
 Total constraints           3     Total variables          5
 

 
 The user has defined      15   out of      15   constraint gradients.
 The user has defined       5   out of       5   objective  gradients.
 

 Major Minors     Step   nCon Feasible  Optimal  MeritFunction    nS Penalty
     0      2               1  1.5E+00  1.1E+00  4.2000000E+01     2           r
     1      1  2.4E-01      2  1.4E+00  9.1E-01  1.7392562E+02     2 5.8E+00 n rl
     2      1  3.1E-01      3  1.2E+00  3.7E-01  1.0669654E+02     2 5.8E+00 s  l
     3      1  1.0E+00      4 (1.4E-16) 1.4E+00  9.6582283E+00     2 2.4E+00
     4      1  1.0E+00      5 (1.8E-16) 5.9E-01  6.2350486E+00     2 2.4E+00
     5      1  1.0E+00      6 (1.7E-16) 1.0E-01  5.6809588E+00     2 2.4E+00
     6      1  1.0E+00      7 (1.5E-16) 8.5E-02  5.5895320E+00     2 2.4E+00
     7      1  1.0E+00      8 (1.3E-16) 1.0E-01  5.3450994E+00     2 2.4E+00
     8      1  1.0E+00      9 (1.3E-16) 3.2E-02  5.3279319E+00     2 2.4E+00
     9      1  1.0E+00     10 (1.3E-16) 1.7E-03  5.3266542E+00     2 2.4E+00

 Major Minors     Step   nCon Feasible  Optimal  MeritFunction    nS Penalty
    10      1  1.0E+00     11 (1.3E-16) 2.8E-05  5.3266476E+00     2 2.4E+00
    11      1  1.0E+00     12 (1.3E-16)(1.7E-06) 5.3266476E+00     2 2.4E+00
 
 SNOPTC EXIT   0 -- finished successfully
 SNOPTC INFO   1 -- optimality conditions satisfied

 Problem name                 snopt CU
 No. of iterations                  13   Objective value      5.3266475645E+00
 No. of major iterations            11   Linear objective     0.0000000000E+00
 Penalty parameter           2.415E+00   Nonlinear objective  5.3266475645E+00
 No. of calls to funobj             13   No. of calls to funcon             13
 No. of superbasics                  2   No. of basic nonlinears             3
 No. of degenerate steps             0   Percentage                       0.00
 Max x                       3 5.2E-01   Max pi                      3 7.7E+00
 Max Primal infeas           0 0.0E+00   Max Dual infeas             1 1.5E-05
 Nonlinear constraint violn    1.9E-16
 
 

 Solution printed on file  18
 
 Time for MPS input                             0.00 seconds
 Time for solving problem                       0.01 seconds
 Time for solution output                       0.00 seconds
 Time for constraint functions                  0.01 seconds
 Time for objective function                    0.00 seconds
