
 ==============================
 S N O P T  7.2-5    (May 2007)
 ==============================
 
 SNMEMB EXIT 100 -- finished successfully
 SNMEMB INFO 104 -- memory requirements estimated

 ==============================
 S N O P T  7.2-5    (May 2007)
 ==============================
 
 

 Nonlinear constraints      18     Linear constraints       0
 Nonlinear variables        25     Linear variables         0
 Jacobian  variables        25     Objective variables     25
 Total constraints          18     Total variables         25
 

 
 The user has defined     450   out of     450   constraint gradients.
 The user has defined      25   out of      25   objective  gradients.
 

 Major Minors     Step   nCon Feasible  Optimal  MeritFunction    nS Penalty
     0     10               1  1.2E+00  1.0E-01  2.8125000E-01     3           r
     1      1  1.1E-01      2  5.5E-01  7.8E-02  3.3027060E+00     3 1.8E+00 n rl
     2      1  1.2E-01      3  3.2E-01  7.2E-02  2.8582294E+00     3 1.8E+00 s  l
     3      1  9.5E-01      4  5.8E-03  1.6E-03  5.6236128E-01     3 1.8E+00    l
     4      1  1.0E+00      5 (4.9E-16) 1.8E-03  5.5135759E-01     3 1.8E+00
     5      1  1.0E+00      6 (4.9E-16) 1.8E-03  5.5004335E-01     3 1.8E+00
     6      1  1.0E+00      7 (5.3E-16) 7.8E-04  5.4861735E-01     3 1.8E+00
     7      1  1.0E+00      8 (4.4E-16) 5.5E-04  5.4818526E-01     3 1.8E+00
     8      1  1.0E+00      9 (3.9E-16) 2.0E-04  5.4811284E-01     3 1.8E+00
     9      1  1.0E+00     10 (3.9E-16) 2.9E-05  5.4811046E-01     3 1.8E+00

 Major Minors     Step   nCon Feasible  Optimal  MeritFunction    nS Penalty
    10      1  1.0E+00     11 (3.4E-16)(1.3E-06) 5.4811043E-01     3 1.8E+00
 
 SNOPTC EXIT   0 -- finished successfully
 SNOPTC INFO   1 -- optimality conditions satisfied

 Problem name                 snopt CU
 No. of iterations                  20   Objective value      5.4811043182E-01
 No. of major iterations            10   Linear objective     0.0000000000E+00
 Penalty parameter           1.753E+00   Nonlinear objective  5.4811043182E-01
 No. of calls to funobj             12   No. of calls to funcon             12
 No. of superbasics                  3   No. of basic nonlinears            18
 No. of degenerate steps             0   Percentage                       0.00
 Max x                      10 6.4E+00   Max pi                     11 3.6E-01
 Max Primal infeas           0 0.0E+00   Max Dual infeas             6 2.6E-06
 Nonlinear constraint violn    3.1E-15
 
 

 Solution printed on file  18
 
 Time for MPS input                             0.00 seconds
 Time for solving problem                       0.02 seconds
 Time for solution output                       0.00 seconds
 Time for constraint functions                  0.02 seconds
 Time for objective function                    0.00 seconds
