
 ==============================
 S N O P T  7.2-5    (May 2007)
 ==============================
 
 SNMEMB EXIT 100 -- finished successfully
 SNMEMB INFO 104 -- memory requirements estimated

 ==============================
 S N O P T  7.2-5    (May 2007)
 ==============================
 
 

 Nonlinear constraints     500     Linear constraints       0
 Nonlinear variables       500     Linear variables         0
 Jacobian  variables       500     Objective variables    500
 Total constraints         500     Total variables        500
 

 
 The user has defined  250000   out of  250000   constraint gradients.
 The user has defined     500   out of     500   objective  gradients.
 

        Minor   QPmult   nInf   SumInf   rgNorm    QPobjective    nS
          100 -8.6E+01                  3.0E-09  1.4923098E+03    10
          200 -1.7E+01                  3.8E-10  5.3626224E+02    23
          300  3.7E+00                  9.5E-01  3.2500880E+02    48
          400  2.6E+00                  2.1E-09  2.1248026E+02    78

 Major Minors     Step   nCon Feasible  Optimal  MeritFunction    nS Penalty
     0    485               1  9.6E-02  8.6E-02  2.1528471E+02    99           r  T

        Minor   QPmult   nInf   SumInf   rgNorm    QPobjective    nS
          100                           1.9E-12  9.9065069E+01   152

 Major Minors     Step   nCon Feasible  Optimal  MeritFunction    nS Penalty
     1    164  1.0E-01      2  9.3E-02  6.9E-02  2.6207324E+02   198 2.0E+01 n rl T

        Minor   QPmult   nInf   SumInf   rgNorm    QPobjective    nS
          100  9.6E-01                  2.7E-12 -1.0291815E+01   286

 Major Minors     Step   nCon Feasible  Optimal  MeritFunction    nS Penalty
     2    111  7.4E-02      3  9.3E-02  8.7E-02  2.2520069E+02   297 2.0E+01 s  l T

        Minor   QPmult   nInf   SumInf   rgNorm    QPobjective    nS
          100  7.2E-01                  7.6E-13 -2.1854370E+02   380

 Major Minors     Step   nCon Feasible  Optimal  MeritFunction    nS Penalty
     3    116  1.0E+00      4 (5.8E-16) 3.8E+00  1.8603109E+02   396 2.0E+01      T

        Minor   QPmult   nInf   SumInf   rgNorm    QPobjective    nS
          100  5.5E-03                  3.7E-14 -7.0664049E+01   489

 Major Minors     Step   nCon Feasible  Optimal  MeritFunction    nS Penalty
     4    100  3.0E-01      6 (5.2E-16) 2.7E-01  6.1679466E+01   489 2.0E+01
     5      2  3.5E-01      8 (5.7E-16) 1.2E-01  1.4882605E+01   488 2.0E+01
     6      1  1.0E+00      9 (7.2E-16) 8.5E-02  3.4439660E+00   488 2.0E+01
     7      1  1.0E+00     10 (6.7E-16) 5.2E-02 -4.7229678E+00   488 2.0E+01
     8      1  4.8E-01     12 (6.7E-16) 9.2E-03 -5.5687875E+00   488 2.0E+01
     9      1  1.0E+00     13 (6.6E-16) 6.8E-03 -5.6229536E+00   488 2.0E+01

 Major Minors     Step   nCon Feasible  Optimal  MeritFunction    nS Penalty
    10      1  1.0E+00     14 (6.7E-16) 1.3E-03 -5.6385667E+00   488 2.0E+01
    11      1  1.0E+00     15 (6.4E-16) 1.8E-04 -5.6406883E+00   488 2.0E+01
    12      1  1.0E+00     16 (6.4E-16) 5.0E-05 -5.6407379E+00   488 2.0E+01   R
    13      1  1.0E+00     17 (6.4E-16) 2.1E-05 -5.6407390E+00   488 2.0E+01 s
    14      1  1.0E+00     18 (6.6E-16)(1.1E-06)-5.6407392E+00   488 2.0E+01
 
 SNOPTC EXIT   0 -- finished successfully
 SNOPTC INFO   1 -- optimality conditions satisfied

 Problem name                 SVD_Cons
 No. of iterations                 987   Objective value     -5.6407392375E+00
 No. of major iterations            14   Linear objective     0.0000000000E+00
 Penalty parameter           2.042E+01   Nonlinear objective -5.6407392375E+00
 No. of calls to funobj             19   No. of calls to funcon             19
 No. of superbasics                488   No. of basic nonlinears            12
 No. of degenerate steps             0   Percentage                       0.00
 Max x                     477 1.8E+00   Max pi                     50 4.1E+01
 Max Primal infeas           0 0.0E+00   Max Dual infeas             4 4.6E-05
 Nonlinear constraint violn    9.4E-15
 
 

 Solution printed on file  18
 
 Time for MPS input                             0.00 seconds
 Time for solving problem                      20.61 seconds
 Time for solution output                       0.02 seconds
 Time for constraint functions                 13.18 seconds
 Time for objective function                    0.00 seconds
