
 ==============================
 S N O P T  7.2-5    (May 2007)
 ==============================
 
 SNMEMB EXIT 100 -- finished successfully
 SNMEMB INFO 104 -- memory requirements estimated

 ==============================
 S N O P T  7.2-5    (May 2007)
 ==============================
 
 

 Nonlinear constraints      24     Linear constraints       0
 Nonlinear variables        72     Linear variables         0
 Jacobian  variables        72     Objective variables     72
 Total constraints          24     Total variables         72
 

 
 The user has defined    1728   out of    1728   constraint gradients.
 The user has defined      72   out of      72   objective  gradients.
 

 Major Minors     Step   nCon Feasible  Optimal  MeritFunction    nS Penalty
     0     48               1  6.1E+01  1.7E+00  0.0000000E+00    48           r
     1      1  4.2E-02      2  2.9E+01  1.7E+00  1.0093787E+05    48 3.4E+01 n rl
     2      1  4.4E-02      4  1.9E+01  1.6E+00  9.7407522E+04    48 3.4E+01 n rl
     3      1  2.7E-01      6  4.5E+00  1.5E+00  7.2958946E+04    48 3.4E+01 n rl
     4      1  2.5E-03      8  1.8E+00  1.5E+00 -5.8945624E+03    48 9.6E+00 n rl
     5      2  6.2E-03     10  6.1E-01  1.9E+00 -1.1777552E+05    48 9.6E+00 sM l
     6      2  4.9E-04     12  2.1E-01  1.8E+00 -2.8195040E+05    48 9.6E+00 n  l
     7      2  1.4E-03     14  6.9E-02  1.5E+00 -7.8192712E+05    48 9.6E+00 n Rl
     8      1  2.9E-01     16  1.7E-02  1.6E+00 -3.7801683E+06    48 9.6E+00 n Rl
     9      1  7.3E-01     18  1.6E-03  1.2E+00 -1.3066847E+07    48 9.6E+00 n rl

 Major Minors     Step   nCon Feasible  Optimal  MeritFunction    nS Penalty
    10      1  3.4E-01     20  3.5E-04  1.8E+00 -1.0044146E+08    48         n rl
    11      1  2.3E-01     22  9.0E-05  3.1E+00 -1.3586503E+09    48         n rl
    12      1  1.2E+00     25  6.7E-06  1.8E+00 -1.3464687E+10    48         sM l
    13      1  1.0E+00     27 (4.0E-16) 2.9E+00 -7.3155387E+10    48         n
    14      1  1.0E+00     29 (4.2E-16) 3.2E+00 -2.7314205E+11    48         n R
    15      1  1.0E+00     31 (5.0E-16) 2.4E+00 -7.9330127E+11    48         n R
    16      1  1.0E+00     33 (6.0E-16) 2.1E+00 -2.2079328E+12    48         n r
    17      1  2.0E+00     36 (6.0E-16) 1.7E+00 -2.0838039E+13    48         n rl
    18      1  2.0E+00     39 (5.4E-16) 2.1E+00 -1.9399947E+14    48         n rl
 
 SNOPTC EXIT  20 -- the problem appears to be unbounded
 SNOPTC INFO  21 -- unbounded objective

 Problem name                 snopt CU
 No. of iterations                  69   Objective value     -1.9399946517E+14
 No. of major iterations            18   Linear objective     0.0000000000E+00
 Penalty parameter           0.000E+00   Nonlinear objective -1.9399946517E+14
 No. of calls to funobj             42   No. of calls to funcon             42
 No. of superbasics                 48   No. of basic nonlinears            24
 No. of degenerate steps             0   Percentage                       0.00
 Max x                       1 8.9E+06   Max pi                      4 4.3E+06
 Max Primal infeas           0 0.0E+00   Max Dual infeas             1 9.0E+06
 Nonlinear constraint violn    7.5E-09
 
 

 Solution printed on file  18
 
 Time for MPS input                             0.00 seconds
 Time for solving problem                       0.29 seconds
 Time for solution output                       0.00 seconds
 Time for constraint functions                  0.28 seconds
 Time for objective function                    0.00 seconds
