
 ==============================
 S N O P T  7.2-5    (May 2007)
 ==============================
 
 SNMEMB EXIT 100 -- finished successfully
 SNMEMB INFO 104 -- memory requirements estimated

 ==============================
 S N O P T  7.2-5    (May 2007)
 ==============================
 
 

 Nonlinear constraints      11     Linear constraints       0
 Nonlinear variables        25     Linear variables         0
 Jacobian  variables        25     Objective variables     25
 Total constraints          11     Total variables         25
 

 
 The user has defined     275   out of     275   constraint gradients.
 The user has defined      25   out of      25   objective  gradients.
 

 Major Minors     Step   nCon Feasible  Optimal  MeritFunction    nS Penalty
     0     16               1  7.1E-01  1.4E-01  3.1250000E+00    14           r
     1      1  4.5E-01      2  4.7E-01  1.3E-01  2.4295435E+00    14         n rl
     2      1  6.2E-01      4  1.8E-01  1.7E-01  1.3041961E+00    14         n rl
     3      1  9.8E-01      6  1.0E-03  8.5E-01 -2.4822210E+01    14         n rl
     4      1  1.0E+00      8 (9.4E-17) 1.7E+00 -1.0222708E+02    14         n r
     5      1  2.0E+00     11 (6.3E-17) 3.4E+00 -9.0351142E+02    14         n rl
     6      1  2.0E+00     14 (3.1E-16) 4.4E+00 -8.0416060E+03    14         n rl
     7      1  2.0E+00     17 (1.1E-16) 4.9E+00 -7.2064064E+04    14         n rl
     8      1  2.0E+00     20 (9.9E-17) 5.1E+00 -6.4760500E+05    14         n rl
     9      1  2.0E+00     23 (6.6E-17) 5.2E+00 -5.8254899E+06    14         n rl

 Major Minors     Step   nCon Feasible  Optimal  MeritFunction    nS Penalty
    10      1  2.0E+00     26 (6.2E-16) 5.2E+00 -5.2420503E+07    14         n rl
    11      1  2.0E+00     29 (1.0E-16) 5.2E+00 -4.7175777E+08    14         n rl
    12      1  2.0E+00     32 (5.9E-17) 5.2E+00 -4.2457396E+09    14         n rl
    13      1  2.0E+00     35 (5.2E-16) 5.2E+00 -3.8211416E+10    14         n rl
    14      1  2.0E+00     38 (1.4E-16) 5.2E+00 -3.4390202E+11    14         n rl
    15      1  2.0E+00     41 (1.0E-16) 5.2E+00 -3.0951160E+12    14         n rl
    16      1  2.0E+00     44 (1.4E-16) 5.2E+00 -2.7856038E+13    14         n rl
    17      1  2.0E+00     47 (2.9E-16) 5.2E+00 -2.5070432E+14    14         n rl
 
 SNOPTC EXIT  20 -- the problem appears to be unbounded
 SNOPTC INFO  21 -- unbounded objective

 Problem name                 snopt CU
 No. of iterations                  33   Objective value     -2.5070431868E+14
 No. of major iterations            17   Linear objective     0.0000000000E+00
 Penalty parameter           0.000E+00   Nonlinear objective -2.5070431868E+14
 No. of calls to funobj             49   No. of calls to funcon             49
 No. of superbasics                 14   No. of basic nonlinears            11
 No. of degenerate steps             0   Percentage                       0.00
 Max x                      13 5.7E+06   Max pi                     11 9.8E+05
 Max Primal infeas           0 0.0E+00   Max Dual infeas             7 5.1E+06
 Nonlinear constraint violn    6.5E-09
 
 

 Solution printed on file  18
 
 Time for MPS input                             0.00 seconds
 Time for solving problem                       0.10 seconds
 Time for solution output                       0.00 seconds
 Time for constraint functions                  0.10 seconds
 Time for objective function                    0.00 seconds
