
 ==============================
 S N O P T  7.2-5    (May 2007)
 ==============================
 
 SNMEMB EXIT 100 -- finished successfully
 SNMEMB INFO 104 -- memory requirements estimated

 ==============================
 S N O P T  7.2-5    (May 2007)
 ==============================
 
 

 Nonlinear constraints      18     Linear constraints       0
 Nonlinear variables        29     Linear variables         0
 Jacobian  variables        29     Objective variables     29
 Total constraints          18     Total variables         29
 

 
 The user has defined     522   out of     522   constraint gradients.
 The user has defined      29   out of      29   objective  gradients.
 

 Major Minors     Step   nCon Feasible  Optimal  MeritFunction    nS Penalty
     0     12               1  3.3E+00  9.1E-01  0.0000000E+00    11           r
     1      1  1.5E-01      2  2.8E+00  8.1E-01  1.5129518E+02    11 1.4E+00 n rl
     2      1  1.8E-01      3  2.3E+00  4.4E-02  1.1126682E+02    11 1.4E+00 s  l
     3      1  1.0E+00      4 (8.0E-16) 2.2E-01  4.7084293E-01    11 1.4E+00
     4      1  3.5E-01      6 (9.2E-16) 8.6E-02  1.3617016E-01    11 1.4E+00
     5      1  2.5E-01      8 (1.1E-15) 1.1E-01  8.9890837E-02    11 1.4E+00
     6      1  7.0E-02     10 (1.1E-15) 2.6E-02  3.2989218E-02    11 1.4E+00
     7      1  2.2E-01     12 (1.6E-15) 1.5E-02  2.7646378E-03    11 1.4E+00
     8      1  3.0E-02     14 (1.7E-15) 8.0E-05  5.4743787E-08    11 1.4E+00
     9      1  2.7E-02     16 (1.7E-15) 8.4E-06  8.0622509E-10    11 1.4E+00

 Major Minors     Step   nCon Feasible  Optimal  MeritFunction    nS Penalty
    10      1  1.0E+00     17 (1.7E-15) 5.0E-06  3.9134280E-10    11 1.4E+00
    11      1  4.1E-02     19 (1.7E-15) 3.2E-06  1.2228811E-10    11 1.4E+00
    12      1  1.0E+00     20 (1.7E-15)(2.3E-07) 8.2018918E-13    11 1.4E+00
 
 SNOPTC EXIT   0 -- finished successfully
 SNOPTC INFO   1 -- optimality conditions satisfied

 Problem name                 snopt CU
 No. of iterations                  24   Objective value      8.2018917832E-13
 No. of major iterations            12   Linear objective     0.0000000000E+00
 Penalty parameter           1.408E+00   Nonlinear objective  8.2018917832E-13
 No. of calls to funobj             21   No. of calls to funcon             21
 No. of superbasics                 11   No. of basic nonlinears            18
 No. of degenerate steps             0   Percentage                       0.00
 Max x                       3 7.8E-07   Max pi                     18 2.1E-08
 Max Primal infeas           0 0.0E+00   Max Dual infeas             3 4.7E-07
 Nonlinear constraint violn    1.7E-15
 
 

 Solution printed on file  18
 
 Time for MPS input                             0.00 seconds
 Time for solving problem                       0.11 seconds
 Time for solution output                       0.00 seconds
 Time for constraint functions                  0.12 seconds
 Time for objective function                    0.00 seconds
