
 ==============================
 S N O P T  7.2-5    (May 2007)
 ==============================
 
 SNMEMB EXIT 100 -- finished successfully
 SNMEMB INFO 104 -- memory requirements estimated

 ==============================
 S N O P T  7.2-5    (May 2007)
 ==============================
 
 

 Nonlinear constraints      11     Linear constraints       0
 Nonlinear variables        20     Linear variables         0
 Jacobian  variables        20     Objective variables     20
 Total constraints          11     Total variables         20
 

 
 The user has defined     220   out of     220   constraint gradients.
 The user has defined      20   out of      20   objective  gradients.
 

 Major Minors     Step   nCon Feasible  Optimal  MeritFunction    nS Penalty
     0      1               1  1.0E+01  5.0E-01  0.0000000E+00                 r
     1      0  4.5E-01      2  2.8E+00  1.2E-01  4.7639320E+00       1.5E-01 n rl
     2      0  8.1E-01      3  3.5E-01  2.4E-02  3.8490770E-01       1.5E-01 n rl
     3      0  1.0E+00      4 (6.5E-18)(4.4E-16)-4.5630350E-16       1.5E-01 n r
 
 SNOPTC EXIT   0 -- finished successfully
 SNOPTC INFO   1 -- optimality conditions satisfied

 Problem name                 snopt CU
 No. of iterations                   1   Objective value     -4.6528010080E-16
 No. of major iterations             3   Linear objective     0.0000000000E+00
 Penalty parameter           1.499E-01   Nonlinear objective -4.6528010080E-16
 No. of calls to funobj              5   No. of calls to funcon              5
 No. of degenerate steps             1   Percentage                     100.00
 Max x                       3 1.0E+00   Max pi                      1 5.0E-01
 Max Primal infeas           0 0.0E+00   Max Dual infeas             4 8.9E-16
 Nonlinear constraint violn    2.1E-17
 
 

 Solution printed on file  18
 
 Time for MPS input                             0.00 seconds
 Time for solving problem                       0.01 seconds
 Time for solution output                       0.00 seconds
 Time for constraint functions                  0.01 seconds
 Time for objective function                    0.00 seconds
