
 ==============================
 S N O P T  7.2-5    (May 2007)
 ==============================
 
 SNMEMB EXIT 100 -- finished successfully
 SNMEMB INFO 104 -- memory requirements estimated

 ==============================
 S N O P T  7.2-5    (May 2007)
 ==============================
 
 

 Nonlinear constraints       1     Linear constraints       0
 Nonlinear variables        18     Linear variables         0
 Jacobian  variables        18     Objective variables     18
 Total constraints           1     Total variables         18
 

 
 The user has defined      18   out of      18   constraint gradients.
 The user has defined      18   out of      18   objective  gradients.
 

 Major Minors     Step   nCon Feasible  Optimal  MeritFunction    nS Penalty
     0     17               1 (0.0E+00) 1.9E-02  5.5555568E-02    17           r
     1      1  2.5E-01      3 (1.9E-16) 9.4E-04  2.2824495E-02    17         n r
     2      1  1.0E+00      4 (6.8E-16) 1.3E-03  2.2177572E-02    17         s
     3      1  2.1E-01      6 (6.7E-16) 8.3E-04  2.1997842E-02    17
     4      1  1.0E+00      7 (6.7E-16) 8.9E-04  2.1678889E-02    17
     5      1  1.0E+00      8 (6.4E-16) 4.5E-04  2.1157277E-02    17
     6      1  1.0E+00      9 (6.1E-16) 2.8E-04  2.0968809E-02    17
     7      1  1.0E+00     10 (5.8E-16) 1.2E-04  2.0856699E-02    17
     8      1  1.0E+00     11 (5.6E-16) 4.8E-05  2.0843032E-02    17
     9      1  1.0E+00     12 (6.2E-16) 4.8E-05  2.0833732E-02    17

 Major Minors     Step   nCon Feasible  Optimal  MeritFunction    nS Penalty
    10      1  1.0E+00     13 (6.1E-16) 9.9E-05  2.0817171E-02    17
    11      1  1.0E+00     14 (6.6E-16) 1.1E-04  2.0796876E-02    17
    12      1  1.0E+00     15 (6.3E-16) 6.2E-05  2.0784509E-02    17
    13      1  1.0E+00     16 (6.4E-16) 1.3E-05  2.0781716E-02    17
    14      1  1.0E+00     17 (6.1E-16) 5.2E-06  2.0781465E-02    17
    15      1  1.0E+00     18 (6.0E-16) 1.0E-05  2.0781401E-02    17
    16      1  3.8E-01     20 (6.2E-16) 2.2E-05  2.0781310E-02    17
    17      1  1.0E+00     21 (6.3E-16) 9.8E-06  2.0781054E-02    17
    18      1  1.0E+00     22 (6.4E-16) 4.0E-05  2.0780262E-02    17
    19      1  1.0E+00     23 (6.7E-16) 3.8E-05  2.0779534E-02    17

 Major Minors     Step   nCon Feasible  Optimal  MeritFunction    nS Penalty
    20      1  1.0E+00     24 (7.1E-16) 3.6E-05  2.0779320E-02    17
    21      1  4.0E-01     26 (7.3E-16) 6.3E-06  2.0779234E-02    17
    22      1  1.0E+00     27 (6.9E-16)(1.8E-06) 2.0779219E-02    17
 
 SNOPTC EXIT   0 -- finished successfully
 SNOPTC INFO   1 -- optimality conditions satisfied

 Problem name                 snopt CU
 No. of iterations                  39   Objective value      2.0779218915E-02
 No. of major iterations            22   Linear objective     0.0000000000E+00
 Penalty parameter           0.000E+00   Nonlinear objective  2.0779218915E-02
 No. of calls to funobj             28   No. of calls to funcon             28
 No. of superbasics                 17   No. of basic nonlinears             1
 No. of degenerate steps             0   Percentage                       0.00
 Max x                       5 1.6E+00   Max pi                      1 1.6E-02
 Max Primal infeas           0 0.0E+00   Max Dual infeas            11 3.5E-06
 Nonlinear constraint violn    1.2E-15
 
 

 Solution printed on file  18
 
 Time for MPS input                             0.00 seconds
 Time for solving problem                       0.02 seconds
 Time for solution output                       0.00 seconds
 Time for constraint functions                  0.02 seconds
 Time for objective function                    0.00 seconds
