
 ==============================
 S N O P T  7.2-5    (May 2007)
 ==============================
 
 SNMEMB EXIT 100 -- finished successfully
 SNMEMB INFO 104 -- memory requirements estimated

 ==============================
 S N O P T  7.2-5    (May 2007)
 ==============================
 
 

 Nonlinear constraints      11     Linear constraints       0
 Nonlinear variables        20     Linear variables         0
 Jacobian  variables        20     Objective variables     20
 Total constraints          11     Total variables         20
 

 
 The user has defined     220   out of     220   constraint gradients.
 The user has defined      20   out of      20   objective  gradients.
 

 Major Minors     Step   nCon Feasible  Optimal  MeritFunction    nS Penalty
     0     10               1  1.0E+01  4.9E-01  0.0000000E+00     9           r
     1      1  3.7E-01      2  3.2E+00  1.8E-01  4.5415164E+00     9 8.6E-02 n rl
     2      1  4.9E-01      4  1.1E+00  1.9E-01 -2.9114773E-01     9 8.6E-02 sM l
     3      1  1.0E+00      6 (2.6E-16) 3.9E-02 -4.0022335E+00     9 8.6E-02  M
     4      1  1.0E+00      7 (2.3E-16) 3.2E-02 -4.0343853E+00     9 8.6E-02
     5      1  1.0E+00      8 (2.3E-16) 7.3E-03 -4.0440900E+00     9 8.6E-02
     6      1  1.0E+00      9 (2.6E-16) 5.6E-03 -4.0452411E+00     9 8.6E-02
     7      1  1.0E+00     10 (2.3E-16) 1.8E-03 -4.0455902E+00     9 8.6E-02
     8      1  1.0E+00     11 (3.1E-16) 1.0E-03 -4.0456355E+00     9 8.6E-02
     9      1  1.0E+00     12 (3.6E-16) 3.6E-04 -4.0456475E+00     9 8.6E-02

 Major Minors     Step   nCon Feasible  Optimal  MeritFunction    nS Penalty
    10      1  1.0E+00     13 (3.8E-16) 2.2E-04 -4.0456493E+00     9 8.6E-02
    11      1  1.0E+00     14 (4.7E-16) 6.7E-05 -4.0456497E+00     9 8.6E-02
    12      1  1.0E+00     15 (7.3E-16) 3.7E-05 -4.0456498E+00     9 8.6E-02
    13      1  1.0E+00     16 (7.3E-16) 1.7E-05 -4.0456498E+00     9 8.6E-02
    14      1  1.0E+00     17 (5.7E-16) 7.2E-06 -4.0456498E+00     9 8.6E-02
    15      1  1.0E+00     18 (4.4E-16) 2.7E-06 -4.0456498E+00     9 8.6E-02
    16      1  1.0E+00     19 (3.6E-16)(1.2E-06)-4.0456498E+00     9 8.6E-02
 
 SNOPTC EXIT   0 -- finished successfully
 SNOPTC INFO   1 -- optimality conditions satisfied

 Problem name                 snopt CU
 No. of iterations                  26   Objective value     -4.0456497828E+00
 No. of major iterations            16   Linear objective     0.0000000000E+00
 Penalty parameter           8.594E-02   Nonlinear objective -4.0456497828E+00
 No. of calls to funobj             20   No. of calls to funcon             20
 No. of superbasics                  9   No. of basic nonlinears            11
 No. of degenerate steps             0   Percentage                       0.00
 Max x                       1 1.2E+00   Max pi                     11 7.1E-01
 Max Primal infeas           0 0.0E+00   Max Dual infeas             7 2.5E-06
 Nonlinear constraint violn    1.6E-15
 
 

 Solution printed on file  18
 
 Time for MPS input                             0.00 seconds
 Time for solving problem                       0.03 seconds
 Time for solution output                       0.00 seconds
 Time for constraint functions                  0.03 seconds
 Time for objective function                    0.00 seconds
