
 ==============================
 S N O P T  7.2-5    (May 2007)
 ==============================
 
 SNMEMB EXIT 100 -- finished successfully
 SNMEMB INFO 104 -- memory requirements estimated

 ==============================
 S N O P T  7.2-5    (May 2007)
 ==============================
 
 

 Nonlinear constraints       2     Linear constraints       0
 Nonlinear variables         5     Linear variables         0
 Jacobian  variables         5     Objective variables      5
 Total constraints           2     Total variables          5
 

 
 The user has defined      10   out of      10   constraint gradients.
 The user has defined       5   out of       5   objective  gradients.
 

 Major Minors     Step   nCon Feasible  Optimal  MeritFunction    nS Penalty
     0      2               1  4.7E-01  6.0E-01  0.0000000E+00     2           r
     1      2  6.2E-01      2  1.4E-01  6.8E-01 -2.0390601E+00     3         n rl
     2      1  7.3E-01      4  2.9E-02  8.3E-01 -7.9519248E+00     3         n rl
     3      1  3.5E+00      7  2.5E-02  1.2E+00 -1.7124014E+02     3         n rl
     4      1  2.3E+00     10  1.1E-02  1.4E+00 -1.8522201E+03     3         n rl
     5      1  2.1E+00     13  4.2E-03  1.4E+00 -1.7637522E+04     3         n rl
     6      1  2.0E+00     16  1.5E-03  1.4E+00 -1.6171363E+05     3         n rl
     7      1  2.0E+00     19  5.0E-04  1.4E+00 -1.4631266E+06     3         n rl
     8      1  2.0E+00     22  1.7E-04  1.4E+00 -1.3197238E+07     3         n rl
     9      1  2.0E+00     25  5.5E-05  1.4E+00 -1.1883405E+08     3         n rl

 Major Minors     Step   nCon Feasible  Optimal  MeritFunction    nS Penalty
    10      1  2.0E+00     28  1.8E-05  1.4E+00 -1.0697588E+09     3         n rl
    11      1  2.0E+00     31  6.2E-06  1.4E+00 -9.6281634E+09     3         n rl
    12      1  2.0E+00     34  2.1E-06  1.4E+00 -8.6655306E+10     3         n rl
    13      1  2.0E+00     37 (6.8E-07) 1.4E+00 -7.7989649E+11     3         n rl
    14      1  2.0E+00     40 (2.3E-07) 1.4E+00 -7.0190652E+12     3         n rl
    15      1  2.0E+00     43 (7.6E-08) 1.4E+00 -6.3171456E+13     3         n rl
    16      1  2.0E+00     46 (2.5E-08) 1.4E+00 -5.6854247E+14     3         n rl
 
 SNOPTC EXIT  20 -- the problem appears to be unbounded
 SNOPTC INFO  21 -- unbounded objective

 Problem name                 snopt CU
 No. of iterations                  19   Objective value     -5.6854246948E+14
 No. of major iterations            16   Linear objective     0.0000000000E+00
 Penalty parameter           0.000E+00   Nonlinear objective -5.6854246948E+14
 No. of calls to funobj             48   No. of calls to funcon             48
 No. of superbasics                  3   No. of basic nonlinears             2
 No. of degenerate steps             0   Percentage                       0.00
 Max x                       4 2.6E+07   Max pi                      1 2.6E+07
 Max Primal infeas           0 0.0E+00   Max Dual infeas             4 3.7E+07
 Nonlinear constraint violn    4.2E-01
 
 

 Solution printed on file  18
 
 Time for MPS input                             0.00 seconds
 Time for solving problem                       0.04 seconds
 Time for solution output                       0.00 seconds
 Time for constraint functions                  0.04 seconds
 Time for objective function                    0.00 seconds
