
 ==============================
 S N O P T  7.2-5    (May 2007)
 ==============================
 
 SNMEMB EXIT 100 -- finished successfully
 SNMEMB INFO 104 -- memory requirements estimated

 ==============================
 S N O P T  7.2-5    (May 2007)
 ==============================
 
 

 Nonlinear constraints     200     Linear constraints       0
 Nonlinear variables       200     Linear variables         0
 Jacobian  variables       200     Objective variables    200
 Total constraints         200     Total variables        200
 

 
 The user has defined   40000   out of   40000   constraint gradients.
 The user has defined     200   out of     200   objective  gradients.
 

        Minor   QPmult   nInf   SumInf   rgNorm    QPobjective    nS
          100  1.3E+00                  6.5E-01  5.4128022E+01    31
          200  6.5E-01                  4.0E-12  2.0464691E+01    93

 Major Minors     Step   nCon Feasible  Optimal  MeritFunction    nS Penalty
     0    206               1  2.0E-02  1.5E-02  5.0541377E+01    99           r  T
     1     93  9.5E-02      2  1.8E-02  1.6E-02  4.6787584E+01   187 5.7E+01 n rl
     2     22  7.2E-02      3  1.8E-02  4.4E-02  3.7933877E+01   198 3.3E+01 s  l
     3      5  1.8E-01      4  6.7E-03  3.2E-02 -7.2634804E+01   194 3.3E+01    l
     4      5  3.1E-01      5  1.6E-03  2.4E-01 -1.9327015E+02   197 3.3E+01    l
     5      4  2.9E-01      7  7.0E-04  1.9E-01 -2.5211960E+02   196 3.3E+01
     6      5  2.4E-01      9  4.3E-04  5.0E-02 -2.7976417E+02   196 3.3E+01
     7      1  1.0E+00     10 (6.1E-18) 3.1E-02 -2.8113716E+02   196 3.3E+01
     8      1  1.0E+00     11 (6.1E-18) 1.6E-02 -2.8264924E+02   196 3.3E+01
     9      1  1.0E+00     12 (6.2E-18) 8.7E-03 -2.8286183E+02   196 3.3E+01

 Major Minors     Step   nCon Feasible  Optimal  MeritFunction    nS Penalty
    10      1  1.0E+00     13 (6.0E-18) 2.5E-03 -2.8301835E+02   196 3.3E+01
    11      1  1.0E+00     14 (5.3E-18) 7.1E-04 -2.8302960E+02   196 3.3E+01
    12      1  1.0E+00     15 (5.8E-18) 3.9E-05 -2.8303042E+02   196 3.3E+01   R
    13      1  1.0E+00     16 (5.8E-18) 1.3E-05 -2.8303042E+02   196 3.3E+01 s
    14      1  1.0E+00     17 (5.8E-18)(1.6E-06)-2.8303042E+02   196 3.3E+01
 
 SNOPTC EXIT   0 -- finished successfully
 SNOPTC INFO   1 -- optimality conditions satisfied

 Problem name                 SVD_Cons
 No. of iterations                 348   Objective value     -2.8303042288E+02
 No. of major iterations            14   Linear objective     0.0000000000E+00
 Penalty parameter           3.259E+01   Nonlinear objective -2.8303042288E+02
 No. of calls to funobj             18   No. of calls to funcon             18
 No. of superbasics                196   No. of basic nonlinears             4
 No. of degenerate steps             0   Percentage                       0.00
 Max x                      48 9.6E+00   Max pi                     17 2.6E+01
 Max Primal infeas           0 0.0E+00   Max Dual infeas             5 4.4E-05
 Nonlinear constraint violn    3.6E-16
 
 

 Solution printed on file  18
 
 Time for MPS input                             0.00 seconds
 Time for solving problem                       2.42 seconds
 Time for solution output                       0.01 seconds
 Time for constraint functions                  2.02 seconds
 Time for objective function                    0.00 seconds
